#
# There is insufficient memory for the Java Runtime Environment to continue.
# Native memory allocation (malloc) failed to allocate 1685136 bytes for Chunk::new
# Possible reasons:
#   The system is out of physical RAM or swap space
#   The process is running with CompressedOops enabled, and the Java Heap may be blocking the growth of the native heap
# Possible solutions:
#   Reduce memory load on the system
#   Increase physical memory or swap space
#   Check if swap backing store is full
#   Decrease Java heap size (-Xmx/-Xms)
#   Decrease number of Java threads
#   Decrease Java thread stack sizes (-Xss)
#   Set larger code cache with -XX:ReservedCodeCacheSize=
#   JVM is running with Unscaled Compressed Oops mode in which the Java heap is
#     placed in the first 4GB address space. The Java Heap base address is the
#     maximum limit for the native heap growth. Please use -XX:HeapBaseMinAddress
#     to set the Java Heap base and to place the Java Heap above 4GB virtual address.
# This output file may be truncated or incomplete.
#
#  Out of Memory Error (./open/src/hotspot/share/memory/arena.cpp:197), pid=25732, tid=24148
#
# JRE version: Java(TM) SE Runtime Environment 18.9 (11.0.16+11) (build 11.0.16+11-LTS-199)
# Java VM: Java HotSpot(TM) 64-Bit Server VM 18.9 (11.0.16+11-LTS-199, mixed mode, tiered, compressed oops, g1 gc, windows-amd64)
# No core dump will be written. Minidumps are not enabled by default on client versions of Windows
#

---------------  S U M M A R Y ------------

Command Line: -XX:MaxMetaspaceSize=512m --add-opens=java.base/java.util=ALL-UNNAMED --add-opens=java.base/java.lang=ALL-UNNAMED --add-opens=java.base/java.lang.invoke=ALL-UNNAMED --add-opens=java.base/java.util=ALL-UNNAMED --add-opens=java.prefs/java.util.prefs=ALL-UNNAMED --add-opens=java.prefs/java.util.prefs=ALL-UNNAMED --add-opens=java.base/java.nio.charset=ALL-UNNAMED --add-opens=java.base/java.net=ALL-UNNAMED --add-opens=java.base/java.util.concurrent.atomic=ALL-UNNAMED -Xmx2048m -Dfile.encoding=utf8 -Duser.country=IN -Duser.language=en -Duser.variant org.gradle.launcher.daemon.bootstrap.GradleDaemon 7.5.1

Host: AMD Ryzen 5 4600H with Radeon Graphics         , 12 cores, 7G,  Windows 10 , 64 bit Build 19041 (10.0.19041.2364)
Time: Wed Jan  4 14:38:31 2023 India Standard Time elapsed time: 78.347317 seconds (0d 0h 1m 18s)

---------------  T H R E A D  ---------------

Current thread (0x00000215ed45c800):  JavaThread "C2 CompilerThread1" daemon [_thread_in_native, id=24148, stack(0x000000b7eb500000,0x000000b7eb600000)]


Current CompileTask:
C2:  78347 11621       4       java.beans.Introspector::addMethod (196 bytes)

Stack: [0x000000b7eb500000,0x000000b7eb600000]
Native frames: (J=compiled Java code, j=interpreted, Vv=VM code, C=native code)
V  [jvm.dll+0x62a3ea]
V  [jvm.dll+0x76418f]
V  [jvm.dll+0x765839]
V  [jvm.dll+0x765ec3]
V  [jvm.dll+0x23da98]
V  [jvm.dll+0xb2a1c]
V  [jvm.dll+0xb2fdc]
V  [jvm.dll+0x341442]
V  [jvm.dll+0x18ca39]
V  [jvm.dll+0x1f85b2]
V  [jvm.dll+0x1f768d]
V  [jvm.dll+0x177c81]
V  [jvm.dll+0x207006]
V  [jvm.dll+0x20519b]
V  [jvm.dll+0x729fa0]
V  [jvm.dll+0x722b74]
V  [jvm.dll+0x629286]
C  [ucrtbase.dll+0x21bb2]
C  [KERNEL32.DLL+0x17614]
C  [ntdll.dll+0x526a1]


---------------  P R O C E S S  ---------------

Threads class SMR info:
_java_thread_list=0x00000215ea990d80, length=182, elements={
0x00000215c53cb800, 0x00000215e37fe800, 0x00000215e3812800, 0x00000215e386e800,
0x00000215e3824000, 0x00000215e3825800, 0x00000215e4179800, 0x00000215e417e000,
0x00000215e4182000, 0x00000215e4187800, 0x00000215e4184000, 0x00000215e4182800,
0x00000215e4183800, 0x00000215e4185000, 0x00000215e4186000, 0x00000215e4186800,
0x00000215e4188800, 0x00000215e622f000, 0x00000215e622f800, 0x00000215e6234000,
0x00000215e6231800, 0x00000215e6232000, 0x00000215e6230800, 0x00000215e6233000,
0x00000215e622e000, 0x00000215e6236000, 0x00000215e6237000, 0x00000215e6235800,
0x00000215e6238800, 0x00000215e6238000, 0x00000215e6239800, 0x00000215e623a800,
0x00000215e623c000, 0x00000215e8556000, 0x00000215e855a000, 0x00000215e8557000,
0x00000215e8558800, 0x00000215e855b000, 0x00000215e8555800, 0x00000215e855c000,
0x00000215e855d800, 0x00000215e8559800, 0x00000215e855c800, 0x00000215e8557800,
0x00000215e8562800, 0x00000215e8564000, 0x00000215e8561800, 0x00000215e8563000,
0x00000215e855f000, 0x00000215e855e800, 0x00000215e8560000, 0x00000215e8560800,
0x00000215e8a8c000, 0x00000215e8a8b000, 0x00000215e8a8c800, 0x00000215e8a8a800,
0x00000215e8a87000, 0x00000215e8a89800, 0x00000215e8a8d800, 0x00000215e8a88000,
0x00000215e8a8e800, 0x00000215e8a88800, 0x00000215e8a94000, 0x00000215e8a91000,
0x00000215e8a95000, 0x00000215e8a91800, 0x00000215e8a90000, 0x00000215e8a8f000,
0x00000215e8a95800, 0x00000215e8a93800, 0x00000215e8a92800, 0x00000215e68cb800,
0x00000215e68c5800, 0x00000215e68c7800, 0x00000215e68c9000, 0x00000215e68cc000,
0x00000215e68ca000, 0x00000215e68c6800, 0x00000215e68c8000, 0x00000215e68ce800,
0x00000215e68ce000, 0x00000215e68cf800, 0x00000215e68d0800, 0x00000215e68ca800,
0x00000215e68d4800, 0x00000215e68d1000, 0x00000215e68d2000, 0x00000215e68d3800,
0x00000215e68d3000, 0x00000215ea600000, 0x00000215ea602800, 0x00000215ea601800,
0x00000215ea5fc800, 0x00000215ea5ff000, 0x00000215ea603000, 0x00000215ea601000,
0x00000215ea5fd800, 0x00000215ea5fe800, 0x00000215ea609000, 0x00000215ea604000,
0x00000215ea606800, 0x00000215ea607800, 0x00000215ea605800, 0x00000215ea605000,
0x00000215ea608000, 0x00000215ea60a000, 0x00000215ea60a800, 0x00000215ea60b800,
0x00000215ea9df800, 0x00000215ea9df000, 0x00000215ea9de000, 0x00000215ea9e0800,
0x00000215ea9e5800, 0x00000215ea9e2000, 0x00000215ea9e1800, 0x00000215ea9e7000,
0x00000215ea9e6800, 0x00000215ea9e8000, 0x00000215ea9e8800, 0x00000215ea9e3000,
0x00000215ea9e4000, 0x00000215ea9e9800, 0x00000215ea9ea800, 0x00000215ea9e4800,
0x00000215ea9eb000, 0x00000215ea9ec000, 0x00000215ea9ed000, 0x00000215eab00000,
0x00000215eab01000, 0x00000215eab01800, 0x00000215eaafd800, 0x00000215eaafc000,
0x00000215eab02800, 0x00000215eaafd000, 0x00000215eab03800, 0x00000215eab04000,
0x00000215eaafe800, 0x00000215eab05000, 0x00000215eaaff000, 0x00000215eab0a000,
0x00000215eab06800, 0x00000215eab06000, 0x00000215eab08000, 0x00000215eab07800,
0x00000215eab09000, 0x00000215eab0a800, 0x00000215eaa46000, 0x00000215eaa47000,
0x00000215eaa41000, 0x00000215eaa47800, 0x00000215eaa42000, 0x00000215eaa48800,
0x00000215eaa45000, 0x00000215eaa42800, 0x00000215eaa44800, 0x00000215eaa49800,
0x00000215eaa43800, 0x00000215eaa4b800, 0x00000215eaa4d800, 0x00000215eaa4f000,
0x00000215eaa4a000, 0x00000215eaa4c800, 0x00000215eaa4e000, 0x00000215eaa4b000,
0x00000215eaa50000, 0x00000215ea834800, 0x00000215ea832000, 0x00000215ea834000,
0x00000215ea835800, 0x00000215ea833000, 0x00000215ea836800, 0x00000215ea837000,
0x00000215ea831800, 0x00000215ea83d000, 0x00000215ea83b000, 0x00000215ea83c000,
0x00000215ea839000, 0x00000215ea83d800, 0x00000215ea83a800, 0x00000215ea838000,
0x00000215ea83e800, 0x00000215ed45c800
}

Java Threads: ( => current thread )
  0x00000215c53cb800 JavaThread "main" [_thread_blocked, id=14576, stack(0x000000b7eb800000,0x000000b7eb900000)]
  0x00000215e37fe800 JavaThread "Reference Handler" daemon [_thread_blocked, id=9924, stack(0x000000b7ebf00000,0x000000b7ec000000)]
  0x00000215e3812800 JavaThread "Finalizer" daemon [_thread_blocked, id=20204, stack(0x000000b7ec000000,0x000000b7ec100000)]
  0x00000215e386e800 JavaThread "Signal Dispatcher" daemon [_thread_blocked, id=17240, stack(0x000000b7ec100000,0x000000b7ec200000)]
  0x00000215e3824000 JavaThread "Attach Listener" daemon [_thread_blocked, id=9220, stack(0x000000b7ec200000,0x000000b7ec300000)]
  0x00000215e3825800 JavaThread "Service Thread" daemon [_thread_blocked, id=24496, stack(0x000000b7ec300000,0x000000b7ec400000)]
  0x00000215e4179800 JavaThread "C2 CompilerThread0" daemon [_thread_in_native, id=26592, stack(0x000000b7ec400000,0x000000b7ec500000)]
  0x00000215e417e000 JavaThread "C1 CompilerThread0" daemon [_thread_in_native, id=26392, stack(0x000000b7ec500000,0x000000b7ec600000)]
  0x00000215e4182000 JavaThread "Sweeper thread" daemon [_thread_blocked, id=26740, stack(0x000000b7ec600000,0x000000b7ec700000)]
  0x00000215e4187800 JavaThread "Common-Cleaner" daemon [_thread_blocked, id=21884, stack(0x000000b7ec700000,0x000000b7ec800000)]
  0x00000215e4184000 JavaThread "Daemon health stats" [_thread_blocked, id=11240, stack(0x000000b7eca00000,0x000000b7ecb00000)]
  0x00000215e4182800 JavaThread "Incoming local TCP Connector on port 57314" [_thread_in_native, id=13796, stack(0x000000b7ecb00000,0x000000b7ecc00000)]
  0x00000215e4183800 JavaThread "Daemon periodic checks" [_thread_blocked, id=17380, stack(0x000000b7ecc00000,0x000000b7ecd00000)]
  0x00000215e4185000 JavaThread "Daemon" [_thread_blocked, id=20784, stack(0x000000b7ecd00000,0x000000b7ece00000)]
  0x00000215e4186000 JavaThread "Handler for socket connection from /127.0.0.1:57314 to /127.0.0.1:57315" [_thread_in_native, id=21576, stack(0x000000b7ece00000,0x000000b7ecf00000)]
  0x00000215e4186800 JavaThread "Cancel handler" [_thread_blocked, id=6988, stack(0x000000b7ecf00000,0x000000b7ed000000)]
  0x00000215e4188800 JavaThread "Daemon worker" [_thread_in_Java, id=26664, stack(0x000000b7ed000000,0x000000b7ed100000)]
  0x00000215e622f000 JavaThread "Asynchronous log dispatcher for DefaultDaemonConnection: socket connection from /127.0.0.1:57314 to /127.0.0.1:57315" [_thread_blocked, id=7760, stack(0x000000b7ed100000,0x000000b7ed200000)]
  0x00000215e622f800 JavaThread "Daemon client event forwarder" [_thread_blocked, id=19196, stack(0x000000b7ed300000,0x000000b7ed400000)]
  0x00000215e6234000 JavaThread "Cache worker for journal cache (C:\Users\MIT\.gradle\caches\journal-1)" [_thread_blocked, id=15072, stack(0x000000b7edd00000,0x000000b7ede00000)]
  0x00000215e6231800 JavaThread "File lock request listener" [_thread_in_native, id=24288, stack(0x000000b7ede00000,0x000000b7edf00000)]
  0x00000215e6232000 JavaThread "Cache worker for file hash cache (C:\Users\MIT\.gradle\caches\7.5.1\fileHashes)" [_thread_blocked, id=9544, stack(0x000000b7edf00000,0x000000b7ee000000)]
  0x00000215e6230800 JavaThread "File watcher server" daemon [_thread_in_native, id=23668, stack(0x000000b7ee200000,0x000000b7ee300000)]
  0x00000215e6233000 JavaThread "File watcher consumer" daemon [_thread_blocked, id=28032, stack(0x000000b7ee300000,0x000000b7ee400000)]
  0x00000215e622e000 JavaThread "Cache worker for checksums cache (F:\Hook\android\.gradle\7.5.1\checksums)" [_thread_blocked, id=28584, stack(0x000000b7ee400000,0x000000b7ee500000)]
  0x00000215e6236000 JavaThread "Cache worker for cache directory md-rule (C:\Users\MIT\.gradle\caches\7.5.1\md-rule)" [_thread_blocked, id=26976, stack(0x000000b7ee500000,0x000000b7ee600000)]
  0x00000215e6237000 JavaThread "Cache worker for file content cache (C:\Users\MIT\.gradle\caches\7.5.1\fileContent)" [_thread_blocked, id=7584, stack(0x000000b7ee600000,0x000000b7ee700000)]
  0x00000215e6235800 JavaThread "Cache worker for file hash cache (F:\Hook\android\.gradle\7.5.1\fileHashes)" [_thread_blocked, id=28204, stack(0x000000b7ee700000,0x000000b7ee800000)]
  0x00000215e6238800 JavaThread "Cache worker for cache directory md-supplier (C:\Users\MIT\.gradle\caches\7.5.1\md-supplier)" [_thread_blocked, id=26020, stack(0x000000b7ee800000,0x000000b7ee900000)]
  0x00000215e6238000 JavaThread "Cache worker for execution history cache (C:\Users\MIT\.gradle\caches\7.5.1\executionHistory)" [_thread_blocked, id=12796, stack(0x000000b7ee900000,0x000000b7eea00000)]
  0x00000215e6239800 JavaThread "jar transforms" [_thread_blocked, id=14056, stack(0x000000b7eea00000,0x000000b7eeb00000)]
  0x00000215e623a800 JavaThread "jar transforms Thread 2" [_thread_blocked, id=7944, stack(0x000000b7eeb00000,0x000000b7eec00000)]
  0x00000215e623c000 JavaThread "jar transforms Thread 3" [_thread_blocked, id=13836, stack(0x000000b7eec00000,0x000000b7eed00000)]
  0x00000215e8556000 JavaThread "jar transforms Thread 4" [_thread_blocked, id=12660, stack(0x000000b7eed00000,0x000000b7eee00000)]
  0x00000215e855a000 JavaThread "jar transforms Thread 5" [_thread_blocked, id=19408, stack(0x000000b7eee00000,0x000000b7eef00000)]
  0x00000215e8557000 JavaThread "jar transforms Thread 6" [_thread_blocked, id=22608, stack(0x000000b7eef00000,0x000000b7ef000000)]
  0x00000215e8558800 JavaThread "Cache worker for kotlin-dsl (C:\Users\MIT\.gradle\caches\7.5.1\kotlin-dsl)" [_thread_blocked, id=25376, stack(0x000000b7ef200000,0x000000b7ef300000)]
  0x00000215e855b000 JavaThread "jar transforms Thread 7" [_thread_blocked, id=26208, stack(0x000000b7ef300000,0x000000b7ef400000)]
  0x00000215e8555800 JavaThread "jar transforms Thread 8" [_thread_blocked, id=27968, stack(0x000000b7ef400000,0x000000b7ef500000)]
  0x00000215e855c000 JavaThread "Cache worker for dependencies-accessors (F:\Hook\android\.gradle\7.5.1\dependencies-accessors)" [_thread_blocked, id=7192, stack(0x000000b7ef500000,0x000000b7ef600000)]
  0x00000215e855d800 JavaThread "Cache worker for Build Output Cleanup Cache (F:\Hook\node_modules\react-native-gradle-plugin\.gradle\buildOutputCleanup)" [_thread_blocked, id=21328, stack(0x000000b7ef600000,0x000000b7ef700000)]
  0x00000215e8559800 JavaThread "jar transforms Thread 9" [_thread_blocked, id=11300, stack(0x000000b7ef700000,0x000000b7ef800000)]
  0x00000215e855c800 JavaThread "Unconstrained build operations" [_thread_blocked, id=13080, stack(0x000000b7ef800000,0x000000b7ef900000)]
  0x00000215e8557800 JavaThread "Unconstrained build operations Thread 2" [_thread_blocked, id=16680, stack(0x000000b7ef900000,0x000000b7efa00000)]
  0x00000215e8562800 JavaThread "Unconstrained build operations Thread 3" [_thread_blocked, id=27904, stack(0x000000b7efa00000,0x000000b7efb00000)]
  0x00000215e8564000 JavaThread "Unconstrained build operations Thread 4" [_thread_blocked, id=24232, stack(0x000000b7efb00000,0x000000b7efc00000)]
  0x00000215e8561800 JavaThread "Unconstrained build operations Thread 5" [_thread_blocked, id=25116, stack(0x000000b7efc00000,0x000000b7efd00000)]
  0x00000215e8563000 JavaThread "Unconstrained build operations Thread 6" [_thread_blocked, id=23108, stack(0x000000b7efd00000,0x000000b7efe00000)]
  0x00000215e855f000 JavaThread "Unconstrained build operations Thread 7" [_thread_blocked, id=18320, stack(0x000000b7efe00000,0x000000b7eff00000)]
  0x00000215e855e800 JavaThread "Unconstrained build operations Thread 8" [_thread_blocked, id=14880, stack(0x000000b7eff00000,0x000000b7f0000000)]
  0x00000215e8560000 JavaThread "Unconstrained build operations Thread 9" [_thread_blocked, id=16228, stack(0x000000b7f0000000,0x000000b7f0100000)]
  0x00000215e8560800 JavaThread "Unconstrained build operations Thread 10" [_thread_blocked, id=11996, stack(0x000000b7f0100000,0x000000b7f0200000)]
  0x00000215e8a8c000 JavaThread "Unconstrained build operations Thread 11" [_thread_blocked, id=27484, stack(0x000000b7f0200000,0x000000b7f0300000)]
  0x00000215e8a8b000 JavaThread "Unconstrained build operations Thread 12" [_thread_blocked, id=21420, stack(0x000000b7f0300000,0x000000b7f0400000)]
  0x00000215e8a8c800 JavaThread "Unconstrained build operations Thread 13" [_thread_blocked, id=5976, stack(0x000000b7f0400000,0x000000b7f0500000)]
  0x00000215e8a8a800 JavaThread "Unconstrained build operations Thread 14" [_thread_blocked, id=11160, stack(0x000000b7f0500000,0x000000b7f0600000)]
  0x00000215e8a87000 JavaThread "Unconstrained build operations Thread 15" [_thread_blocked, id=25916, stack(0x000000b7f0600000,0x000000b7f0700000)]
  0x00000215e8a89800 JavaThread "Unconstrained build operations Thread 16" [_thread_blocked, id=7272, stack(0x000000b7f0700000,0x000000b7f0800000)]
  0x00000215e8a8d800 JavaThread "Unconstrained build operations Thread 17" [_thread_blocked, id=20512, stack(0x000000b7f0800000,0x000000b7f0900000)]
  0x00000215e8a88000 JavaThread "Unconstrained build operations Thread 18" [_thread_blocked, id=22824, stack(0x000000b7f0900000,0x000000b7f0a00000)]
  0x00000215e8a8e800 JavaThread "Unconstrained build operations Thread 19" [_thread_blocked, id=23792, stack(0x000000b7f0a00000,0x000000b7f0b00000)]
  0x00000215e8a88800 JavaThread "Unconstrained build operations Thread 20" [_thread_blocked, id=18216, stack(0x000000b7f0b00000,0x000000b7f0c00000)]
  0x00000215e8a94000 JavaThread "Unconstrained build operations Thread 21" [_thread_blocked, id=23104, stack(0x000000b7f0c00000,0x000000b7f0d00000)]
  0x00000215e8a91000 JavaThread "Unconstrained build operations Thread 22" [_thread_blocked, id=9496, stack(0x000000b7f0d00000,0x000000b7f0e00000)]
  0x00000215e8a95000 JavaThread "Unconstrained build operations Thread 23" [_thread_blocked, id=28404, stack(0x000000b7f0e00000,0x000000b7f0f00000)]
  0x00000215e8a91800 JavaThread "Unconstrained build operations Thread 24" [_thread_blocked, id=25672, stack(0x000000b7f0f00000,0x000000b7f1000000)]
  0x00000215e8a90000 JavaThread "Unconstrained build operations Thread 25" [_thread_blocked, id=12556, stack(0x000000b7f1000000,0x000000b7f1100000)]
  0x00000215e8a8f000 JavaThread "Unconstrained build operations Thread 26" [_thread_blocked, id=27268, stack(0x000000b7f1100000,0x000000b7f1200000)]
  0x00000215e8a95800 JavaThread "Unconstrained build operations Thread 27" [_thread_blocked, id=26576, stack(0x000000b7f1200000,0x000000b7f1300000)]
  0x00000215e8a93800 JavaThread "Unconstrained build operations Thread 28" [_thread_blocked, id=26148, stack(0x000000b7f1300000,0x000000b7f1400000)]
  0x00000215e8a92800 JavaThread "Unconstrained build operations Thread 29" [_thread_blocked, id=4320, stack(0x000000b7f1400000,0x000000b7f1500000)]
  0x00000215e68cb800 JavaThread "Unconstrained build operations Thread 30" [_thread_blocked, id=2872, stack(0x000000b7f1500000,0x000000b7f1600000)]
  0x00000215e68c5800 JavaThread "Unconstrained build operations Thread 31" [_thread_blocked, id=9280, stack(0x000000b7f1600000,0x000000b7f1700000)]
  0x00000215e68c7800 JavaThread "Unconstrained build operations Thread 32" [_thread_blocked, id=11676, stack(0x000000b7f1700000,0x000000b7f1800000)]
  0x00000215e68c9000 JavaThread "Unconstrained build operations Thread 33" [_thread_blocked, id=13140, stack(0x000000b7f1800000,0x000000b7f1900000)]
  0x00000215e68cc000 JavaThread "jar transforms Thread 10" [_thread_blocked, id=26692, stack(0x000000b7f1900000,0x000000b7f1a00000)]
  0x00000215e68ca000 JavaThread "jar transforms Thread 11" [_thread_blocked, id=14020, stack(0x000000b7f1a00000,0x000000b7f1b00000)]
  0x00000215e68c6800 JavaThread "jar transforms Thread 12" [_thread_blocked, id=26720, stack(0x000000b7f1b00000,0x000000b7f1c00000)]
  0x00000215e68c8000 JavaThread "build event listener" [_thread_blocked, id=23100, stack(0x000000b7f1c00000,0x000000b7f1d00000)]
  0x00000215e68ce800 JavaThread "Memory manager" [_thread_blocked, id=26844, stack(0x000000b7f1d00000,0x000000b7f1e00000)]
  0x00000215e68ce000 JavaThread "Cache worker for Build Output Cleanup Cache (F:\Hook\android\.gradle\buildOutputCleanup)" [_thread_blocked, id=26940, stack(0x000000b7f1e00000,0x000000b7f1f00000)]
  0x00000215e68cf800 JavaThread "included builds" [_thread_blocked, id=11672, stack(0x000000b7f1f00000,0x000000b7f2000000)]
  0x00000215e68d0800 JavaThread "Execution worker" [_thread_blocked, id=28456, stack(0x000000b7f2000000,0x000000b7f2100000)]
  0x00000215e68ca800 JavaThread "Execution worker Thread 2" [_thread_blocked, id=10044, stack(0x000000b7f2100000,0x000000b7f2200000)]
  0x00000215e68d4800 JavaThread "Execution worker Thread 3" [_thread_blocked, id=22156, stack(0x000000b7f2200000,0x000000b7f2300000)]
  0x00000215e68d1000 JavaThread "Execution worker Thread 4" [_thread_blocked, id=6324, stack(0x000000b7f2300000,0x000000b7f2400000)]
  0x00000215e68d2000 JavaThread "Execution worker Thread 5" [_thread_blocked, id=17296, stack(0x000000b7f2400000,0x000000b7f2500000)]
  0x00000215e68d3800 JavaThread "Execution worker Thread 6" [_thread_blocked, id=7988, stack(0x000000b7f2500000,0x000000b7f2600000)]
  0x00000215e68d3000 JavaThread "Execution worker Thread 7" [_thread_blocked, id=27772, stack(0x000000b7f2600000,0x000000b7f2700000)]
  0x00000215ea600000 JavaThread "Execution worker Thread 8" [_thread_blocked, id=14776, stack(0x000000b7f2700000,0x000000b7f2800000)]
  0x00000215ea602800 JavaThread "Execution worker Thread 9" [_thread_blocked, id=22760, stack(0x000000b7f2800000,0x000000b7f2900000)]
  0x00000215ea601800 JavaThread "Execution worker Thread 10" [_thread_blocked, id=26440, stack(0x000000b7f2900000,0x000000b7f2a00000)]
  0x00000215ea5fc800 JavaThread "Execution worker Thread 11" [_thread_blocked, id=17008, stack(0x000000b7f2a00000,0x000000b7f2b00000)]
  0x00000215ea5ff000 JavaThread "Cache worker for execution history cache (F:\Hook\node_modules\react-native-gradle-plugin\.gradle\7.5.1\executionHistory)" [_thread_blocked, id=27112, stack(0x000000b7f2b00000,0x000000b7f2c00000)]
  0x00000215ea603000 JavaThread "Unconstrained build operations Thread 34" [_thread_blocked, id=23776, stack(0x000000b7f2c00000,0x000000b7f2d00000)]
  0x00000215ea601000 JavaThread "Unconstrained build operations Thread 35" [_thread_blocked, id=25324, stack(0x000000b7f2d00000,0x000000b7f2e00000)]
  0x00000215ea5fd800 JavaThread "Unconstrained build operations Thread 36" [_thread_blocked, id=10232, stack(0x000000b7f2e00000,0x000000b7f2f00000)]
  0x00000215ea5fe800 JavaThread "Unconstrained build operations Thread 37" [_thread_blocked, id=5896, stack(0x000000b7f2f00000,0x000000b7f3000000)]
  0x00000215ea609000 JavaThread "Unconstrained build operations Thread 38" [_thread_blocked, id=28288, stack(0x000000b7f3000000,0x000000b7f3100000)]
  0x00000215ea604000 JavaThread "Unconstrained build operations Thread 39" [_thread_blocked, id=27888, stack(0x000000b7f3100000,0x000000b7f3200000)]
  0x00000215ea606800 JavaThread "Unconstrained build operations Thread 40" [_thread_blocked, id=6272, stack(0x000000b7f3200000,0x000000b7f3300000)]
  0x00000215ea607800 JavaThread "Unconstrained build operations Thread 41" [_thread_blocked, id=6252, stack(0x000000b7f3300000,0x000000b7f3400000)]
  0x00000215ea605800 JavaThread "Unconstrained build operations Thread 42" [_thread_blocked, id=26212, stack(0x000000b7f3400000,0x000000b7f3500000)]
  0x00000215ea605000 JavaThread "Unconstrained build operations Thread 43" [_thread_blocked, id=27608, stack(0x000000b7f3500000,0x000000b7f3600000)]
  0x00000215ea608000 JavaThread "Unconstrained build operations Thread 44" [_thread_blocked, id=21012, stack(0x000000b7f3600000,0x000000b7f3700000)]
  0x00000215ea60a000 JavaThread "Unconstrained build operations Thread 45" [_thread_blocked, id=9140, stack(0x000000b7f3700000,0x000000b7f3800000)]
  0x00000215ea60a800 JavaThread "Unconstrained build operations Thread 46" [_thread_blocked, id=23500, stack(0x000000b7f3800000,0x000000b7f3900000)]
  0x00000215ea60b800 JavaThread "Unconstrained build operations Thread 47" [_thread_blocked, id=17500, stack(0x000000b7f3900000,0x000000b7f3a00000)]
  0x00000215ea9df800 JavaThread "Unconstrained build operations Thread 48" [_thread_blocked, id=27388, stack(0x000000b7f3a00000,0x000000b7f3b00000)]
  0x00000215ea9df000 JavaThread "Unconstrained build operations Thread 49" [_thread_blocked, id=26868, stack(0x000000b7f3b00000,0x000000b7f3c00000)]
  0x00000215ea9de000 JavaThread "Unconstrained build operations Thread 50" [_thread_blocked, id=23964, stack(0x000000b7f3c00000,0x000000b7f3d00000)]
  0x00000215ea9e0800 JavaThread "Unconstrained build operations Thread 51" [_thread_blocked, id=24572, stack(0x000000b7f3d00000,0x000000b7f3e00000)]
  0x00000215ea9e5800 JavaThread "Unconstrained build operations Thread 52" [_thread_blocked, id=260, stack(0x000000b7f3e00000,0x000000b7f3f00000)]
  0x00000215ea9e2000 JavaThread "Unconstrained build operations Thread 53" [_thread_blocked, id=22812, stack(0x000000b7f3f00000,0x000000b7f4000000)]
  0x00000215ea9e1800 JavaThread "Unconstrained build operations Thread 54" [_thread_blocked, id=26388, stack(0x000000b7f4000000,0x000000b7f4100000)]
  0x00000215ea9e7000 JavaThread "Unconstrained build operations Thread 55" [_thread_blocked, id=10840, stack(0x000000b7f4100000,0x000000b7f4200000)]
  0x00000215ea9e6800 JavaThread "Unconstrained build operations Thread 56" [_thread_blocked, id=8144, stack(0x000000b7f4200000,0x000000b7f4300000)]
  0x00000215ea9e8000 JavaThread "Unconstrained build operations Thread 57" [_thread_blocked, id=13576, stack(0x000000b7f4300000,0x000000b7f4400000)]
  0x00000215ea9e8800 JavaThread "Unconstrained build operations Thread 58" [_thread_blocked, id=8600, stack(0x000000b7f4400000,0x000000b7f4500000)]
  0x00000215ea9e3000 JavaThread "Unconstrained build operations Thread 59" [_thread_blocked, id=23300, stack(0x000000b7f4500000,0x000000b7f4600000)]
  0x00000215ea9e4000 JavaThread "Unconstrained build operations Thread 60" [_thread_blocked, id=13480, stack(0x000000b7f4600000,0x000000b7f4700000)]
  0x00000215ea9e9800 JavaThread "Unconstrained build operations Thread 61" [_thread_blocked, id=15228, stack(0x000000b7f4700000,0x000000b7f4800000)]
  0x00000215ea9ea800 JavaThread "Unconstrained build operations Thread 62" [_thread_blocked, id=1308, stack(0x000000b7f4800000,0x000000b7f4900000)]
  0x00000215ea9e4800 JavaThread "Unconstrained build operations Thread 63" [_thread_blocked, id=8196, stack(0x000000b7f4900000,0x000000b7f4a00000)]
  0x00000215ea9eb000 JavaThread "Unconstrained build operations Thread 64" [_thread_blocked, id=892, stack(0x000000b7f4a00000,0x000000b7f4b00000)]
  0x00000215ea9ec000 JavaThread "Unconstrained build operations Thread 65" [_thread_blocked, id=19476, stack(0x000000b7f4b00000,0x000000b7f4c00000)]
  0x00000215ea9ed000 JavaThread "Unconstrained build operations Thread 66" [_thread_blocked, id=8884, stack(0x000000b7f4c00000,0x000000b7f4d00000)]
  0x00000215eab00000 JavaThread "Unconstrained build operations Thread 67" [_thread_blocked, id=23728, stack(0x000000b7f4d00000,0x000000b7f4e00000)]
  0x00000215eab01000 JavaThread "Unconstrained build operations Thread 68" [_thread_blocked, id=5584, stack(0x000000b7f4e00000,0x000000b7f4f00000)]
  0x00000215eab01800 JavaThread "Unconstrained build operations Thread 69" [_thread_blocked, id=7524, stack(0x000000b7f4f00000,0x000000b7f5000000)]
  0x00000215eaafd800 JavaThread "Unconstrained build operations Thread 70" [_thread_blocked, id=7544, stack(0x000000b7f5000000,0x000000b7f5100000)]
  0x00000215eaafc000 JavaThread "Unconstrained build operations Thread 71" [_thread_blocked, id=16896, stack(0x000000b7f5100000,0x000000b7f5200000)]
  0x00000215eab02800 JavaThread "Unconstrained build operations Thread 72" [_thread_blocked, id=12896, stack(0x000000b7f5200000,0x000000b7f5300000)]
  0x00000215eaafd000 JavaThread "Unconstrained build operations Thread 73" [_thread_blocked, id=27428, stack(0x000000b7f5300000,0x000000b7f5400000)]
  0x00000215eab03800 JavaThread "Unconstrained build operations Thread 74" [_thread_blocked, id=28412, stack(0x000000b7f5400000,0x000000b7f5500000)]
  0x00000215eab04000 JavaThread "Unconstrained build operations Thread 75" [_thread_blocked, id=26144, stack(0x000000b7f5500000,0x000000b7f5600000)]
  0x00000215eaafe800 JavaThread "Unconstrained build operations Thread 76" [_thread_blocked, id=19528, stack(0x000000b7f5600000,0x000000b7f5700000)]
  0x00000215eab05000 JavaThread "Unconstrained build operations Thread 77" [_thread_blocked, id=1452, stack(0x000000b7f5700000,0x000000b7f5800000)]
  0x00000215eaaff000 JavaThread "Unconstrained build operations Thread 78" [_thread_blocked, id=24540, stack(0x000000b7f5800000,0x000000b7f5900000)]
  0x00000215eab0a000 JavaThread "Unconstrained build operations Thread 79" [_thread_blocked, id=9568, stack(0x000000b7f5900000,0x000000b7f5a00000)]
  0x00000215eab06800 JavaThread "Unconstrained build operations Thread 80" [_thread_blocked, id=26504, stack(0x000000b7f5a00000,0x000000b7f5b00000)]
  0x00000215eab06000 JavaThread "Unconstrained build operations Thread 81" [_thread_blocked, id=1148, stack(0x000000b7f5b00000,0x000000b7f5c00000)]
  0x00000215eab08000 JavaThread "Unconstrained build operations Thread 82" [_thread_blocked, id=19520, stack(0x000000b7f5c00000,0x000000b7f5d00000)]
  0x00000215eab07800 JavaThread "Unconstrained build operations Thread 83" [_thread_blocked, id=23124, stack(0x000000b7f5d00000,0x000000b7f5e00000)]
  0x00000215eab09000 JavaThread "Unconstrained build operations Thread 84" [_thread_blocked, id=21692, stack(0x000000b7f5e00000,0x000000b7f5f00000)]
  0x00000215eab0a800 JavaThread "Unconstrained build operations Thread 85" [_thread_blocked, id=15328, stack(0x000000b7f5f00000,0x000000b7f6000000)]
  0x00000215eaa46000 JavaThread "Unconstrained build operations Thread 86" [_thread_blocked, id=16736, stack(0x000000b7f6000000,0x000000b7f6100000)]
  0x00000215eaa47000 JavaThread "Unconstrained build operations Thread 87" [_thread_blocked, id=25844, stack(0x000000b7f6100000,0x000000b7f6200000)]
  0x00000215eaa41000 JavaThread "Unconstrained build operations Thread 88" [_thread_blocked, id=25112, stack(0x000000b7f6200000,0x000000b7f6300000)]
  0x00000215eaa47800 JavaThread "Unconstrained build operations Thread 89" [_thread_blocked, id=24900, stack(0x000000b7f6300000,0x000000b7f6400000)]
  0x00000215eaa42000 JavaThread "Unconstrained build operations Thread 90" [_thread_blocked, id=14684, stack(0x000000b7f6400000,0x000000b7f6500000)]
  0x00000215eaa48800 JavaThread "Unconstrained build operations Thread 91" [_thread_blocked, id=15212, stack(0x000000b7f6500000,0x000000b7f6600000)]
  0x00000215eaa45000 JavaThread "Unconstrained build operations Thread 92" [_thread_blocked, id=19544, stack(0x000000b7f6600000,0x000000b7f6700000)]
  0x00000215eaa42800 JavaThread "Unconstrained build operations Thread 93" [_thread_blocked, id=28028, stack(0x000000b7f6700000,0x000000b7f6800000)]
  0x00000215eaa44800 JavaThread "Unconstrained build operations Thread 94" [_thread_blocked, id=17020, stack(0x000000b7f6800000,0x000000b7f6900000)]
  0x00000215eaa49800 JavaThread "Unconstrained build operations Thread 95" [_thread_blocked, id=13896, stack(0x000000b7f6900000,0x000000b7f6a00000)]
  0x00000215eaa43800 JavaThread "Unconstrained build operations Thread 96" [_thread_blocked, id=18000, stack(0x000000b7f6a00000,0x000000b7f6b00000)]
  0x00000215eaa4b800 JavaThread "Unconstrained build operations Thread 97" [_thread_blocked, id=11944, stack(0x000000b7f6b00000,0x000000b7f6c00000)]
  0x00000215eaa4d800 JavaThread "Unconstrained build operations Thread 98" [_thread_blocked, id=5004, stack(0x000000b7f6c00000,0x000000b7f6d00000)]
  0x00000215eaa4f000 JavaThread "Unconstrained build operations Thread 99" [_thread_blocked, id=25124, stack(0x000000b7f6d00000,0x000000b7f6e00000)]
  0x00000215eaa4a000 JavaThread "Unconstrained build operations Thread 100" [_thread_blocked, id=2640, stack(0x000000b7f6e00000,0x000000b7f6f00000)]
  0x00000215eaa4c800 JavaThread "Unconstrained build operations Thread 101" [_thread_blocked, id=13132, stack(0x000000b7f6f00000,0x000000b7f7000000)]
  0x00000215eaa4e000 JavaThread "Unconstrained build operations Thread 102" [_thread_blocked, id=23952, stack(0x000000b7f7000000,0x000000b7f7100000)]
  0x00000215eaa4b000 JavaThread "Unconstrained build operations Thread 103" [_thread_blocked, id=15740, stack(0x000000b7f7100000,0x000000b7f7200000)]
  0x00000215eaa50000 JavaThread "Unconstrained build operations Thread 104" [_thread_blocked, id=2852, stack(0x000000b7f7200000,0x000000b7f7300000)]
  0x00000215ea834800 JavaThread "Unconstrained build operations Thread 105" [_thread_blocked, id=15560, stack(0x000000b7f7300000,0x000000b7f7400000)]
  0x00000215ea832000 JavaThread "Unconstrained build operations Thread 106" [_thread_blocked, id=20248, stack(0x000000b7f7400000,0x000000b7f7500000)]
  0x00000215ea834000 JavaThread "Unconstrained build operations Thread 107" [_thread_blocked, id=17412, stack(0x000000b7f7500000,0x000000b7f7600000)]
  0x00000215ea835800 JavaThread "Unconstrained build operations Thread 108" [_thread_blocked, id=22168, stack(0x000000b7f7600000,0x000000b7f7700000)]
  0x00000215ea833000 JavaThread "Unconstrained build operations Thread 109" [_thread_blocked, id=28624, stack(0x000000b7f7700000,0x000000b7f7800000)]
  0x00000215ea836800 JavaThread "Unconstrained build operations Thread 110" [_thread_blocked, id=24112, stack(0x000000b7f7800000,0x000000b7f7900000)]
  0x00000215ea837000 JavaThread "Unconstrained build operations Thread 111" [_thread_blocked, id=16000, stack(0x000000b7f7900000,0x000000b7f7a00000)]
  0x00000215ea831800 JavaThread "Unconstrained build operations Thread 112" [_thread_blocked, id=10912, stack(0x000000b7f7a00000,0x000000b7f7b00000)]
  0x00000215ea83d000 JavaThread "Unconstrained build operations Thread 113" [_thread_blocked, id=15056, stack(0x000000b7f7b00000,0x000000b7f7c00000)]
  0x00000215ea83b000 JavaThread "Unconstrained build operations Thread 114" [_thread_blocked, id=19820, stack(0x000000b7f7c00000,0x000000b7f7d00000)]
  0x00000215ea83c000 JavaThread "Unconstrained build operations Thread 115" [_thread_blocked, id=10688, stack(0x000000b7f7d00000,0x000000b7f7e00000)]
  0x00000215ea839000 JavaThread "Unconstrained build operations Thread 116" [_thread_blocked, id=25288, stack(0x000000b7f7e00000,0x000000b7f7f00000)]
  0x00000215ea83d800 JavaThread "Unconstrained build operations Thread 117" [_thread_blocked, id=18948, stack(0x000000b7f7f00000,0x000000b7f8000000)]
  0x00000215ea83a800 JavaThread "Unconstrained build operations Thread 118" [_thread_blocked, id=8824, stack(0x000000b7f8000000,0x000000b7f8100000)]
  0x00000215ea838000 JavaThread "Unconstrained build operations Thread 119" [_thread_blocked, id=23356, stack(0x000000b7f8100000,0x000000b7f8200000)]
  0x00000215ea83e800 JavaThread "Unconstrained build operations Thread 120" [_thread_blocked, id=26932, stack(0x000000b7f8200000,0x000000b7f8300000)]
=>0x00000215ed45c800 JavaThread "C2 CompilerThread1" daemon [_thread_in_native, id=24148, stack(0x000000b7eb500000,0x000000b7eb600000)]

Other Threads:
  0x00000215e37fc800 VMThread "VM Thread" [stack: 0x000000b7ebe00000,0x000000b7ebf00000] [id=14736]
  0x00000215e4322800 WatcherThread [stack: 0x000000b7ec800000,0x000000b7ec900000] [id=28532]
  0x00000215c53e3800 GCTaskThread "GC Thread#0" [stack: 0x000000b7eb900000,0x000000b7eba00000] [id=27464]
  0x00000215e4e2b000 GCTaskThread "GC Thread#1" [stack: 0x000000b7ec900000,0x000000b7eca00000] [id=21704]
  0x00000215e622c800 GCTaskThread "GC Thread#2" [stack: 0x000000b7ed400000,0x000000b7ed500000] [id=27036]
  0x00000215e5f8f000 GCTaskThread "GC Thread#3" [stack: 0x000000b7ed500000,0x000000b7ed600000] [id=11872]
  0x00000215e6046800 GCTaskThread "GC Thread#4" [stack: 0x000000b7ed600000,0x000000b7ed700000] [id=28324]
  0x00000215e6116000 GCTaskThread "GC Thread#5" [stack: 0x000000b7ed700000,0x000000b7ed800000] [id=11616]
  0x00000215e611e800 GCTaskThread "GC Thread#6" [stack: 0x000000b7ed800000,0x000000b7ed900000] [id=20680]
  0x00000215e6121800 GCTaskThread "GC Thread#7" [stack: 0x000000b7ed900000,0x000000b7eda00000] [id=17536]
  0x00000215e6374000 GCTaskThread "GC Thread#8" [stack: 0x000000b7eda00000,0x000000b7edb00000] [id=16868]
  0x00000215e6375000 GCTaskThread "GC Thread#9" [stack: 0x000000b7edb00000,0x000000b7edc00000] [id=24996]
  0x00000215c5415800 ConcurrentGCThread "G1 Main Marker" [stack: 0x000000b7eba00000,0x000000b7ebb00000] [id=25136]
  0x00000215c5416800 ConcurrentGCThread "G1 Conc#0" [stack: 0x000000b7ebb00000,0x000000b7ebc00000] [id=13996]
  0x00000215e6573000 ConcurrentGCThread "G1 Conc#1" [stack: 0x000000b7ee000000,0x000000b7ee100000] [id=28012]
  0x00000215e6573800 ConcurrentGCThread "G1 Conc#2" [stack: 0x000000b7ee100000,0x000000b7ee200000] [id=8684]
  0x00000215c54ad800 ConcurrentGCThread "G1 Refine#0" [stack: 0x000000b7ebc00000,0x000000b7ebd00000] [id=22904]
  0x00000215e4d7f000 ConcurrentGCThread "G1 Refine#1" [stack: 0x000000b7edc00000,0x000000b7edd00000] [id=15064]
  0x00000215c54ae800 ConcurrentGCThread "G1 Young RemSet Sampling" [stack: 0x000000b7ebd00000,0x000000b7ebe00000] [id=22612]

Threads with active compile tasks:
C2 CompilerThread0    78386 11666       4       org.gradle.internal.instantiation.generator.ParamsMatchingConstructorSelector::forParams (481 bytes)
C1 CompilerThread0    78386 11829       1       org.gradle.api.internal.plugins.PluginInspector$PotentialImperativeClassPlugin::isImperative (2 bytes)
C2 CompilerThread1    78386 11621       4       java.beans.Introspector::addMethod (196 bytes)

VM state:not at safepoint (normal execution)

VM Mutex/Monitor currently owned by a thread:  ([mutex/lock_event])
[0x00000215c53c5e50] CodeCache_lock - owner thread: 0x0000000000000000

Heap address: 0x0000000080000000, size: 2048 MB, Compressed Oops mode: 32-bit
Narrow klass base: 0x0000000000000000, Narrow klass shift: 3
Compressed class space size: 528482304 Address: 0x0000000100000000

Heap:
 garbage-first heap   total 305152K, used 132442K [0x0000000080000000, 0x0000000100000000)
  region size 1024K, 8 young (8192K), 5 survivors (5120K)
 Metaspace       used 97669K, capacity 101593K, committed 101760K, reserved 604160K
  class space    used 13075K, capacity 14609K, committed 14720K, reserved 516096K
Heap Regions: E=young(eden), S=young(survivor), O=old, HS=humongous(starts), HC=humongous(continues), CS=collection set, F=free, A=archive, TAMS=top-at-mark-start (previous, next)
|   0|0x0000000080000000, 0x0000000080100000, 0x0000000080100000|100%| O|  |TAMS 0x0000000080100000, 0x0000000080000000| Untracked 
|   1|0x0000000080100000, 0x0000000080200000, 0x0000000080200000|100%| O|  |TAMS 0x0000000080200000, 0x0000000080100000| Untracked 
|   2|0x0000000080200000, 0x0000000080300000, 0x0000000080300000|100%| O|  |TAMS 0x0000000080300000, 0x0000000080200000| Untracked 
|   3|0x0000000080300000, 0x0000000080400000, 0x0000000080400000|100%|HS|  |TAMS 0x0000000080400000, 0x0000000080300000| Complete 
|   4|0x0000000080400000, 0x0000000080500000, 0x0000000080500000|100%|HC|  |TAMS 0x0000000080500000, 0x0000000080400000| Complete 
|   5|0x0000000080500000, 0x0000000080600000, 0x0000000080600000|100%|HC|  |TAMS 0x0000000080600000, 0x0000000080500000| Complete 
|   6|0x0000000080600000, 0x0000000080700000, 0x0000000080700000|100%| O|  |TAMS 0x0000000080700000, 0x0000000080600000| Untracked 
|   7|0x0000000080700000, 0x0000000080800000, 0x0000000080800000|100%| O|  |TAMS 0x0000000080800000, 0x0000000080700000| Untracked 
|   8|0x0000000080800000, 0x0000000080900000, 0x0000000080900000|100%| O|  |TAMS 0x0000000080900000, 0x0000000080800000| Untracked 
|   9|0x0000000080900000, 0x0000000080a00000, 0x0000000080a00000|100%| O|  |TAMS 0x0000000080a00000, 0x0000000080900000| Untracked 
|  10|0x0000000080a00000, 0x0000000080b00000, 0x0000000080b00000|100%| O|  |TAMS 0x0000000080b00000, 0x0000000080a00000| Untracked 
|  11|0x0000000080b00000, 0x0000000080c00000, 0x0000000080c00000|100%| O|  |TAMS 0x0000000080c00000, 0x0000000080b00000| Untracked 
|  12|0x0000000080c00000, 0x0000000080d00000, 0x0000000080d00000|100%| O|  |TAMS 0x0000000080d00000, 0x0000000080c00000| Untracked 
|  13|0x0000000080d00000, 0x0000000080e00000, 0x0000000080e00000|100%| O|  |TAMS 0x0000000080e00000, 0x0000000080d00000| Untracked 
|  14|0x0000000080e00000, 0x0000000080f00000, 0x0000000080f00000|100%| O|  |TAMS 0x0000000080f00000, 0x0000000080e00000| Untracked 
|  15|0x0000000080f00000, 0x0000000081000000, 0x0000000081000000|100%| O|  |TAMS 0x0000000081000000, 0x0000000080f00000| Untracked 
|  16|0x0000000081000000, 0x0000000081100000, 0x0000000081100000|100%| O|  |TAMS 0x0000000081100000, 0x0000000081000000| Untracked 
|  17|0x0000000081100000, 0x0000000081200000, 0x0000000081200000|100%|HS|  |TAMS 0x0000000081200000, 0x0000000081100000| Complete 
|  18|0x0000000081200000, 0x0000000081300000, 0x0000000081300000|100%| O|  |TAMS 0x0000000081300000, 0x0000000081200000| Untracked 
|  19|0x0000000081300000, 0x0000000081400000, 0x0000000081400000|100%| O|  |TAMS 0x0000000081400000, 0x0000000081300000| Untracked 
|  20|0x0000000081400000, 0x0000000081500000, 0x0000000081500000|100%| O|  |TAMS 0x0000000081500000, 0x0000000081400000| Untracked 
|  21|0x0000000081500000, 0x0000000081600000, 0x0000000081600000|100%| O|  |TAMS 0x0000000081600000, 0x0000000081500000| Untracked 
|  22|0x0000000081600000, 0x0000000081700000, 0x0000000081700000|100%| O|  |TAMS 0x0000000081700000, 0x0000000081600000| Untracked 
|  23|0x0000000081700000, 0x0000000081800000, 0x0000000081800000|100%| O|  |TAMS 0x0000000081800000, 0x0000000081700000| Untracked 
|  24|0x0000000081800000, 0x0000000081900000, 0x0000000081900000|100%| O|  |TAMS 0x0000000081900000, 0x0000000081800000| Untracked 
|  25|0x0000000081900000, 0x0000000081a00000, 0x0000000081a00000|100%| O|  |TAMS 0x0000000081a00000, 0x0000000081900000| Untracked 
|  26|0x0000000081a00000, 0x0000000081b00000, 0x0000000081b00000|100%| O|  |TAMS 0x0000000081b00000, 0x0000000081a00000| Untracked 
|  27|0x0000000081b00000, 0x0000000081c00000, 0x0000000081c00000|100%| O|  |TAMS 0x0000000081c00000, 0x0000000081b00000| Untracked 
|  28|0x0000000081c00000, 0x0000000081d00000, 0x0000000081d00000|100%| O|  |TAMS 0x0000000081d00000, 0x0000000081c00000| Untracked 
|  29|0x0000000081d00000, 0x0000000081e00000, 0x0000000081e00000|100%|HS|  |TAMS 0x0000000081e00000, 0x0000000081d00000| Complete 
|  30|0x0000000081e00000, 0x0000000081f00000, 0x0000000081f00000|100%|HC|  |TAMS 0x0000000081f00000, 0x0000000081e00000| Complete 
|  31|0x0000000081f00000, 0x0000000082000000, 0x0000000082000000|100%|HC|  |TAMS 0x0000000082000000, 0x0000000081f00000| Complete 
|  32|0x0000000082000000, 0x0000000082100000, 0x0000000082100000|100%| O|  |TAMS 0x0000000082100000, 0x0000000082000000| Untracked 
|  33|0x0000000082100000, 0x0000000082200000, 0x0000000082200000|100%| O|  |TAMS 0x0000000082200000, 0x0000000082100000| Untracked 
|  34|0x0000000082200000, 0x0000000082300000, 0x0000000082300000|100%| O|  |TAMS 0x0000000082300000, 0x0000000082200000| Untracked 
|  35|0x0000000082300000, 0x0000000082400000, 0x0000000082400000|100%| O|  |TAMS 0x0000000082400000, 0x0000000082300000| Untracked 
|  36|0x0000000082400000, 0x0000000082500000, 0x0000000082500000|100%| O|  |TAMS 0x0000000082500000, 0x0000000082400000| Untracked 
|  37|0x0000000082500000, 0x0000000082600000, 0x0000000082600000|100%| O|  |TAMS 0x0000000082600000, 0x0000000082500000| Untracked 
|  38|0x0000000082600000, 0x0000000082700000, 0x0000000082700000|100%| O|  |TAMS 0x0000000082700000, 0x0000000082600000| Untracked 
|  39|0x0000000082700000, 0x0000000082800000, 0x0000000082800000|100%| O|  |TAMS 0x0000000082800000, 0x0000000082700000| Untracked 
|  40|0x0000000082800000, 0x0000000082900000, 0x0000000082900000|100%| O|  |TAMS 0x0000000082900000, 0x0000000082800000| Untracked 
|  41|0x0000000082900000, 0x0000000082a00000, 0x0000000082a00000|100%| O|  |TAMS 0x0000000082a00000, 0x0000000082900000| Untracked 
|  42|0x0000000082a00000, 0x0000000082b00000, 0x0000000082b00000|100%| O|  |TAMS 0x0000000082b00000, 0x0000000082a00000| Untracked 
|  43|0x0000000082b00000, 0x0000000082c00000, 0x0000000082c00000|100%| O|  |TAMS 0x0000000082c00000, 0x0000000082b00000| Untracked 
|  44|0x0000000082c00000, 0x0000000082d00000, 0x0000000082d00000|100%| O|  |TAMS 0x0000000082d00000, 0x0000000082c00000| Untracked 
|  45|0x0000000082d00000, 0x0000000082e00000, 0x0000000082e00000|100%| O|  |TAMS 0x0000000082e00000, 0x0000000082d00000| Untracked 
|  46|0x0000000082e00000, 0x0000000082f00000, 0x0000000082f00000|100%| O|  |TAMS 0x0000000082f00000, 0x0000000082e00000| Untracked 
|  47|0x0000000082f00000, 0x0000000083000000, 0x0000000083000000|100%|HS|  |TAMS 0x0000000083000000, 0x0000000082f00000| Complete 
|  48|0x0000000083000000, 0x0000000083100000, 0x0000000083100000|100%|HS|  |TAMS 0x0000000083100000, 0x0000000083000000| Complete 
|  49|0x0000000083100000, 0x0000000083200000, 0x0000000083200000|100%|HS|  |TAMS 0x0000000083200000, 0x0000000083100000| Complete 
|  50|0x0000000083200000, 0x0000000083300000, 0x0000000083300000|100%|HC|  |TAMS 0x0000000083300000, 0x0000000083200000| Complete 
|  51|0x0000000083300000, 0x0000000083400000, 0x0000000083400000|100%| O|  |TAMS 0x0000000083400000, 0x0000000083300000| Untracked 
|  52|0x0000000083400000, 0x0000000083500000, 0x0000000083500000|100%| O|  |TAMS 0x0000000083500000, 0x0000000083400000| Untracked 
|  53|0x0000000083500000, 0x0000000083600000, 0x0000000083600000|100%| O|  |TAMS 0x0000000083600000, 0x0000000083500000| Untracked 
|  54|0x0000000083600000, 0x0000000083700000, 0x0000000083700000|100%| O|  |TAMS 0x0000000083700000, 0x0000000083600000| Untracked 
|  55|0x0000000083700000, 0x0000000083800000, 0x0000000083800000|100%| O|  |TAMS 0x0000000083800000, 0x0000000083700000| Untracked 
|  56|0x0000000083800000, 0x0000000083900000, 0x0000000083900000|100%| O|  |TAMS 0x0000000083900000, 0x0000000083800000| Untracked 
|  57|0x0000000083900000, 0x0000000083a00000, 0x0000000083a00000|100%| O|  |TAMS 0x0000000083a00000, 0x0000000083900000| Untracked 
|  58|0x0000000083a00000, 0x0000000083b00000, 0x0000000083b00000|100%| O|  |TAMS 0x0000000083b00000, 0x0000000083a00000| Untracked 
|  59|0x0000000083b00000, 0x0000000083c00000, 0x0000000083c00000|100%| O|  |TAMS 0x0000000083c00000, 0x0000000083b00000| Untracked 
|  60|0x0000000083c00000, 0x0000000083d00000, 0x0000000083d00000|100%| O|  |TAMS 0x0000000083d00000, 0x0000000083c00000| Untracked 
|  61|0x0000000083d00000, 0x0000000083e00000, 0x0000000083e00000|100%| O|  |TAMS 0x0000000083e00000, 0x0000000083d00000| Untracked 
|  62|0x0000000083e00000, 0x0000000083f00000, 0x0000000083f00000|100%| O|  |TAMS 0x0000000083f00000, 0x0000000083e00000| Untracked 
|  63|0x0000000083f00000, 0x0000000084000000, 0x0000000084000000|100%| O|  |TAMS 0x0000000084000000, 0x0000000083f00000| Untracked 
|  64|0x0000000084000000, 0x0000000084100000, 0x0000000084100000|100%| O|  |TAMS 0x0000000084100000, 0x0000000084000000| Untracked 
|  65|0x0000000084100000, 0x0000000084200000, 0x0000000084200000|100%| O|  |TAMS 0x0000000084200000, 0x0000000084100000| Untracked 
|  66|0x0000000084200000, 0x0000000084300000, 0x0000000084300000|100%| O|  |TAMS 0x0000000084300000, 0x0000000084200000| Untracked 
|  67|0x0000000084300000, 0x0000000084400000, 0x0000000084400000|100%| O|  |TAMS 0x0000000084400000, 0x0000000084300000| Untracked 
|  68|0x0000000084400000, 0x0000000084500000, 0x0000000084500000|100%| O|  |TAMS 0x0000000084500000, 0x0000000084400000| Untracked 
|  69|0x0000000084500000, 0x0000000084600000, 0x0000000084600000|100%| O|  |TAMS 0x0000000084600000, 0x0000000084500000| Untracked 
|  70|0x0000000084600000, 0x0000000084700000, 0x0000000084700000|100%| O|  |TAMS 0x0000000084700000, 0x0000000084600000| Untracked 
|  71|0x0000000084700000, 0x0000000084800000, 0x0000000084800000|100%| O|  |TAMS 0x0000000084800000, 0x0000000084700000| Untracked 
|  72|0x0000000084800000, 0x0000000084900000, 0x0000000084900000|100%| O|  |TAMS 0x0000000084900000, 0x0000000084800000| Untracked 
|  73|0x0000000084900000, 0x0000000084a00000, 0x0000000084a00000|100%| O|  |TAMS 0x0000000084a00000, 0x0000000084900000| Untracked 
|  74|0x0000000084a00000, 0x0000000084b00000, 0x0000000084b00000|100%| O|  |TAMS 0x0000000084b00000, 0x0000000084a00000| Untracked 
|  75|0x0000000084b00000, 0x0000000084c00000, 0x0000000084c00000|100%| O|  |TAMS 0x0000000084c00000, 0x0000000084b00000| Untracked 
|  76|0x0000000084c00000, 0x0000000084d00000, 0x0000000084d00000|100%| O|  |TAMS 0x0000000084d00000, 0x0000000084c00000| Untracked 
|  77|0x0000000084d00000, 0x0000000084e00000, 0x0000000084e00000|100%| O|  |TAMS 0x0000000084e00000, 0x0000000084d00000| Untracked 
|  78|0x0000000084e00000, 0x0000000084f00000, 0x0000000084f00000|100%| O|  |TAMS 0x0000000084f00000, 0x0000000084e00000| Untracked 
|  79|0x0000000084f00000, 0x0000000085000000, 0x0000000085000000|100%| O|  |TAMS 0x0000000085000000, 0x0000000084f00000| Untracked 
|  80|0x0000000085000000, 0x0000000085100000, 0x0000000085100000|100%| O|  |TAMS 0x0000000085100000, 0x0000000085000000| Untracked 
|  81|0x0000000085100000, 0x0000000085200000, 0x0000000085200000|100%| O|  |TAMS 0x0000000085200000, 0x0000000085100000| Untracked 
|  82|0x0000000085200000, 0x0000000085300000, 0x0000000085300000|100%| O|  |TAMS 0x0000000085300000, 0x0000000085200000| Untracked 
|  83|0x0000000085300000, 0x0000000085400000, 0x0000000085400000|100%| O|  |TAMS 0x0000000085400000, 0x0000000085300000| Untracked 
|  84|0x0000000085400000, 0x0000000085500000, 0x0000000085500000|100%| O|  |TAMS 0x0000000085500000, 0x0000000085400000| Untracked 
|  85|0x0000000085500000, 0x0000000085600000, 0x0000000085600000|100%| O|  |TAMS 0x0000000085600000, 0x0000000085500000| Untracked 
|  86|0x0000000085600000, 0x0000000085700000, 0x0000000085700000|100%| O|  |TAMS 0x0000000085700000, 0x0000000085600000| Untracked 
|  87|0x0000000085700000, 0x0000000085800000, 0x0000000085800000|100%| O|  |TAMS 0x0000000085800000, 0x0000000085700000| Untracked 
|  88|0x0000000085800000, 0x0000000085900000, 0x0000000085900000|100%| O|  |TAMS 0x0000000085900000, 0x0000000085800000| Untracked 
|  89|0x0000000085900000, 0x0000000085a00000, 0x0000000085a00000|100%|HS|  |TAMS 0x0000000085a00000, 0x0000000085900000| Complete 
|  90|0x0000000085a00000, 0x0000000085b00000, 0x0000000085b00000|100%|HS|  |TAMS 0x0000000085b00000, 0x0000000085a00000| Complete 
|  91|0x0000000085b00000, 0x0000000085c00000, 0x0000000085c00000|100%|HC|  |TAMS 0x0000000085c00000, 0x0000000085b00000| Complete 
|  92|0x0000000085c00000, 0x0000000085d00000, 0x0000000085d00000|100%|HC|  |TAMS 0x0000000085d00000, 0x0000000085c00000| Complete 
|  93|0x0000000085d00000, 0x0000000085e00000, 0x0000000085e00000|100%| O|  |TAMS 0x0000000085e00000, 0x0000000085d00000| Untracked 
|  94|0x0000000085e00000, 0x0000000085f00000, 0x0000000085f00000|100%| O|  |TAMS 0x0000000085f00000, 0x0000000085e00000| Untracked 
|  95|0x0000000085f00000, 0x0000000086000000, 0x0000000086000000|100%| O|  |TAMS 0x0000000086000000, 0x0000000085f00000| Untracked 
|  96|0x0000000086000000, 0x0000000086100000, 0x0000000086100000|100%| O|  |TAMS 0x0000000086100000, 0x0000000086000000| Untracked 
|  97|0x0000000086100000, 0x0000000086200000, 0x0000000086200000|100%| O|  |TAMS 0x0000000086200000, 0x0000000086100000| Untracked 
|  98|0x0000000086200000, 0x0000000086300000, 0x0000000086300000|100%| O|  |TAMS 0x0000000086300000, 0x0000000086200000| Untracked 
|  99|0x0000000086300000, 0x0000000086400000, 0x0000000086400000|100%| O|  |TAMS 0x0000000086400000, 0x0000000086300000| Untracked 
| 100|0x0000000086400000, 0x0000000086500000, 0x0000000086500000|100%| O|  |TAMS 0x0000000086500000, 0x0000000086400000| Untracked 
| 101|0x0000000086500000, 0x0000000086600000, 0x0000000086600000|100%| O|  |TAMS 0x0000000086600000, 0x0000000086500000| Untracked 
| 102|0x0000000086600000, 0x0000000086700000, 0x0000000086700000|100%| O|  |TAMS 0x0000000086700000, 0x0000000086600000| Untracked 
| 103|0x0000000086700000, 0x0000000086800000, 0x0000000086800000|100%| O|  |TAMS 0x0000000086800000, 0x0000000086700000| Untracked 
| 104|0x0000000086800000, 0x0000000086900000, 0x0000000086900000|100%| O|  |TAMS 0x0000000086900000, 0x0000000086800000| Untracked 
| 105|0x0000000086900000, 0x0000000086a00000, 0x0000000086a00000|100%|HS|  |TAMS 0x0000000086a00000, 0x0000000086900000| Complete 
| 106|0x0000000086a00000, 0x0000000086b00000, 0x0000000086b00000|100%|HS|  |TAMS 0x0000000086b00000, 0x0000000086a00000| Complete 
| 107|0x0000000086b00000, 0x0000000086c00000, 0x0000000086c00000|100%|HS|  |TAMS 0x0000000086c00000, 0x0000000086b00000| Complete 
| 108|0x0000000086c00000, 0x0000000086d00000, 0x0000000086d00000|100%|HC|  |TAMS 0x0000000086d00000, 0x0000000086c00000| Complete 
| 109|0x0000000086d00000, 0x0000000086e00000, 0x0000000086e00000|100%|HC|  |TAMS 0x0000000086e00000, 0x0000000086d00000| Complete 
| 110|0x0000000086e00000, 0x0000000086f00000, 0x0000000086f00000|100%| O|  |TAMS 0x0000000086f00000, 0x0000000086e00000| Untracked 
| 111|0x0000000086f00000, 0x0000000087000000, 0x0000000087000000|100%| O|  |TAMS 0x0000000087000000, 0x0000000086f00000| Untracked 
| 112|0x0000000087000000, 0x0000000087100000, 0x0000000087100000|100%| O|  |TAMS 0x0000000087100000, 0x0000000087000000| Untracked 
| 113|0x0000000087100000, 0x0000000087200000, 0x0000000087200000|100%| O|  |TAMS 0x0000000087200000, 0x0000000087100000| Untracked 
| 114|0x0000000087200000, 0x0000000087300000, 0x0000000087300000|100%| O|  |TAMS 0x0000000087300000, 0x0000000087200000| Untracked 
| 115|0x0000000087300000, 0x0000000087400000, 0x0000000087400000|100%| O|  |TAMS 0x0000000087400000, 0x0000000087300000| Untracked 
| 116|0x0000000087400000, 0x0000000087500000, 0x0000000087500000|100%| O|  |TAMS 0x0000000087498c00, 0x0000000087400000| Untracked 
| 117|0x0000000087500000, 0x0000000087600000, 0x0000000087600000|100%|HS|  |TAMS 0x0000000087500000, 0x0000000087500000| Complete 
| 118|0x0000000087600000, 0x0000000087700000, 0x0000000087700000|100%|HS|  |TAMS 0x0000000087600000, 0x0000000087600000| Complete 
| 119|0x0000000087700000, 0x0000000087700000, 0x0000000087800000|  0%| F|  |TAMS 0x0000000087700000, 0x0000000087700000| Untracked 
| 120|0x0000000087800000, 0x0000000087900000, 0x0000000087900000|100%| O|  |TAMS 0x0000000087800000, 0x0000000087800000| Untracked 
| 121|0x0000000087900000, 0x0000000087a00000, 0x0000000087a00000|100%| O|  |TAMS 0x0000000087900000, 0x0000000087900000| Untracked 
| 122|0x0000000087a00000, 0x0000000087b00000, 0x0000000087b00000|100%| O|  |TAMS 0x0000000087a00000, 0x0000000087a00000| Untracked 
| 123|0x0000000087b00000, 0x0000000087b56800, 0x0000000087c00000| 33%| O|  |TAMS 0x0000000087b00000, 0x0000000087b00000| Untracked 
| 124|0x0000000087c00000, 0x0000000087c00000, 0x0000000087d00000|  0%| F|  |TAMS 0x0000000087c00000, 0x0000000087c00000| Untracked 
| 125|0x0000000087d00000, 0x0000000087d00000, 0x0000000087e00000|  0%| F|  |TAMS 0x0000000087d00000, 0x0000000087d00000| Untracked 
| 126|0x0000000087e00000, 0x0000000087e00000, 0x0000000087f00000|  0%| F|  |TAMS 0x0000000087e00000, 0x0000000087e00000| Untracked 
| 127|0x0000000087f00000, 0x0000000087f00000, 0x0000000088000000|  0%| F|  |TAMS 0x0000000087f00000, 0x0000000087f00000| Untracked 
| 128|0x0000000088000000, 0x0000000088000000, 0x0000000088100000|  0%| F|  |TAMS 0x0000000088000000, 0x0000000088000000| Untracked 
| 129|0x0000000088100000, 0x0000000088100000, 0x0000000088200000|  0%| F|  |TAMS 0x0000000088100000, 0x0000000088100000| Untracked 
| 130|0x0000000088200000, 0x0000000088200000, 0x0000000088300000|  0%| F|  |TAMS 0x0000000088200000, 0x0000000088200000| Untracked 
| 131|0x0000000088300000, 0x0000000088300000, 0x0000000088400000|  0%| F|  |TAMS 0x0000000088300000, 0x0000000088300000| Untracked 
| 132|0x0000000088400000, 0x0000000088400000, 0x0000000088500000|  0%| F|  |TAMS 0x0000000088400000, 0x0000000088400000| Untracked 
| 133|0x0000000088500000, 0x0000000088500000, 0x0000000088600000|  0%| F|  |TAMS 0x0000000088500000, 0x0000000088500000| Untracked 
| 134|0x0000000088600000, 0x0000000088600000, 0x0000000088700000|  0%| F|  |TAMS 0x0000000088600000, 0x0000000088600000| Untracked 
| 135|0x0000000088700000, 0x0000000088700000, 0x0000000088800000|  0%| F|  |TAMS 0x0000000088700000, 0x0000000088700000| Untracked 
| 136|0x0000000088800000, 0x0000000088800000, 0x0000000088900000|  0%| F|  |TAMS 0x0000000088800000, 0x0000000088800000| Untracked 
| 137|0x0000000088900000, 0x0000000088900000, 0x0000000088a00000|  0%| F|  |TAMS 0x0000000088900000, 0x0000000088900000| Untracked 
| 138|0x0000000088a00000, 0x0000000088a00000, 0x0000000088b00000|  0%| F|  |TAMS 0x0000000088a00000, 0x0000000088a00000| Untracked 
| 139|0x0000000088b00000, 0x0000000088b00000, 0x0000000088c00000|  0%| F|  |TAMS 0x0000000088b00000, 0x0000000088b00000| Untracked 
| 140|0x0000000088c00000, 0x0000000088c00000, 0x0000000088d00000|  0%| F|  |TAMS 0x0000000088c00000, 0x0000000088c00000| Untracked 
| 141|0x0000000088d00000, 0x0000000088d00000, 0x0000000088e00000|  0%| F|  |TAMS 0x0000000088d00000, 0x0000000088d00000| Untracked 
| 142|0x0000000088e00000, 0x0000000088e00000, 0x0000000088f00000|  0%| F|  |TAMS 0x0000000088e00000, 0x0000000088e00000| Untracked 
| 143|0x0000000088f00000, 0x0000000088f00000, 0x0000000089000000|  0%| F|  |TAMS 0x0000000088f00000, 0x0000000088f00000| Untracked 
| 144|0x0000000089000000, 0x0000000089000000, 0x0000000089100000|  0%| F|  |TAMS 0x0000000089000000, 0x0000000089000000| Untracked 
| 145|0x0000000089100000, 0x0000000089100000, 0x0000000089200000|  0%| F|  |TAMS 0x0000000089100000, 0x0000000089100000| Untracked 
| 146|0x0000000089200000, 0x0000000089200000, 0x0000000089300000|  0%| F|  |TAMS 0x0000000089200000, 0x0000000089200000| Untracked 
| 147|0x0000000089300000, 0x0000000089300000, 0x0000000089400000|  0%| F|  |TAMS 0x0000000089300000, 0x0000000089300000| Untracked 
| 148|0x0000000089400000, 0x0000000089400000, 0x0000000089500000|  0%| F|  |TAMS 0x0000000089400000, 0x0000000089400000| Untracked 
| 149|0x0000000089500000, 0x0000000089500000, 0x0000000089600000|  0%| F|  |TAMS 0x0000000089500000, 0x0000000089500000| Untracked 
| 150|0x0000000089600000, 0x0000000089600000, 0x0000000089700000|  0%| F|  |TAMS 0x0000000089600000, 0x0000000089600000| Untracked 
| 151|0x0000000089700000, 0x0000000089700000, 0x0000000089800000|  0%| F|  |TAMS 0x0000000089700000, 0x0000000089700000| Untracked 
| 152|0x0000000089800000, 0x0000000089800000, 0x0000000089900000|  0%| F|  |TAMS 0x0000000089800000, 0x0000000089800000| Untracked 
| 153|0x0000000089900000, 0x0000000089900000, 0x0000000089a00000|  0%| F|  |TAMS 0x0000000089900000, 0x0000000089900000| Untracked 
| 154|0x0000000089a00000, 0x0000000089a00000, 0x0000000089b00000|  0%| F|  |TAMS 0x0000000089a00000, 0x0000000089a00000| Untracked 
| 155|0x0000000089b00000, 0x0000000089b00000, 0x0000000089c00000|  0%| F|  |TAMS 0x0000000089b00000, 0x0000000089b00000| Untracked 
| 156|0x0000000089c00000, 0x0000000089c00000, 0x0000000089d00000|  0%| F|  |TAMS 0x0000000089c00000, 0x0000000089c00000| Untracked 
| 157|0x0000000089d00000, 0x0000000089d00000, 0x0000000089e00000|  0%| F|  |TAMS 0x0000000089d00000, 0x0000000089d00000| Untracked 
| 158|0x0000000089e00000, 0x0000000089e00000, 0x0000000089f00000|  0%| F|  |TAMS 0x0000000089e00000, 0x0000000089e00000| Untracked 
| 159|0x0000000089f00000, 0x000000008a000000, 0x000000008a000000|100%| S|CS|TAMS 0x0000000089f00000, 0x0000000089f00000| Complete 
| 160|0x000000008a000000, 0x000000008a100000, 0x000000008a100000|100%| S|CS|TAMS 0x000000008a000000, 0x000000008a000000| Complete 
| 161|0x000000008a100000, 0x000000008a200000, 0x000000008a200000|100%| S|CS|TAMS 0x000000008a100000, 0x000000008a100000| Complete 
| 162|0x000000008a200000, 0x000000008a300000, 0x000000008a300000|100%| S|CS|TAMS 0x000000008a200000, 0x000000008a200000| Complete 
| 163|0x000000008a300000, 0x000000008a400000, 0x000000008a400000|100%| S|CS|TAMS 0x000000008a300000, 0x000000008a300000| Complete 
| 164|0x000000008a400000, 0x000000008a400000, 0x000000008a500000|  0%| F|  |TAMS 0x000000008a400000, 0x000000008a400000| Untracked 
| 165|0x000000008a500000, 0x000000008a500000, 0x000000008a600000|  0%| F|  |TAMS 0x000000008a500000, 0x000000008a500000| Untracked 
| 166|0x000000008a600000, 0x000000008a600000, 0x000000008a700000|  0%| F|  |TAMS 0x000000008a600000, 0x000000008a600000| Untracked 
| 167|0x000000008a700000, 0x000000008a700000, 0x000000008a800000|  0%| F|  |TAMS 0x000000008a700000, 0x000000008a700000| Untracked 
| 168|0x000000008a800000, 0x000000008a800000, 0x000000008a900000|  0%| F|  |TAMS 0x000000008a800000, 0x000000008a800000| Untracked 
| 169|0x000000008a900000, 0x000000008a900000, 0x000000008aa00000|  0%| F|  |TAMS 0x000000008a900000, 0x000000008a900000| Untracked 
| 170|0x000000008aa00000, 0x000000008aa00000, 0x000000008ab00000|  0%| F|  |TAMS 0x000000008aa00000, 0x000000008aa00000| Untracked 
| 171|0x000000008ab00000, 0x000000008ab00000, 0x000000008ac00000|  0%| F|  |TAMS 0x000000008ab00000, 0x000000008ab00000| Untracked 
| 172|0x000000008ac00000, 0x000000008ac00000, 0x000000008ad00000|  0%| F|  |TAMS 0x000000008ac00000, 0x000000008ac00000| Untracked 
| 173|0x000000008ad00000, 0x000000008ad00000, 0x000000008ae00000|  0%| F|  |TAMS 0x000000008ad00000, 0x000000008ad00000| Untracked 
| 174|0x000000008ae00000, 0x000000008ae00000, 0x000000008af00000|  0%| F|  |TAMS 0x000000008ae00000, 0x000000008ae00000| Untracked 
| 175|0x000000008af00000, 0x000000008af00000, 0x000000008b000000|  0%| F|  |TAMS 0x000000008af00000, 0x000000008af00000| Untracked 
| 176|0x000000008b000000, 0x000000008b000000, 0x000000008b100000|  0%| F|  |TAMS 0x000000008b000000, 0x000000008b000000| Untracked 
| 177|0x000000008b100000, 0x000000008b100000, 0x000000008b200000|  0%| F|  |TAMS 0x000000008b100000, 0x000000008b100000| Untracked 
| 178|0x000000008b200000, 0x000000008b200000, 0x000000008b300000|  0%| F|  |TAMS 0x000000008b200000, 0x000000008b200000| Untracked 
| 179|0x000000008b300000, 0x000000008b300000, 0x000000008b400000|  0%| F|  |TAMS 0x000000008b300000, 0x000000008b300000| Untracked 
| 180|0x000000008b400000, 0x000000008b400000, 0x000000008b500000|  0%| F|  |TAMS 0x000000008b400000, 0x000000008b400000| Untracked 
| 181|0x000000008b500000, 0x000000008b500000, 0x000000008b600000|  0%| F|  |TAMS 0x000000008b500000, 0x000000008b500000| Untracked 
| 182|0x000000008b600000, 0x000000008b600000, 0x000000008b700000|  0%| F|  |TAMS 0x000000008b600000, 0x000000008b600000| Untracked 
| 183|0x000000008b700000, 0x000000008b700000, 0x000000008b800000|  0%| F|  |TAMS 0x000000008b700000, 0x000000008b700000| Untracked 
| 184|0x000000008b800000, 0x000000008b800000, 0x000000008b900000|  0%| F|  |TAMS 0x000000008b800000, 0x000000008b800000| Untracked 
| 185|0x000000008b900000, 0x000000008b900000, 0x000000008ba00000|  0%| F|  |TAMS 0x000000008b900000, 0x000000008b900000| Untracked 
| 186|0x000000008ba00000, 0x000000008ba00000, 0x000000008bb00000|  0%| F|  |TAMS 0x000000008ba00000, 0x000000008ba00000| Untracked 
| 187|0x000000008bb00000, 0x000000008bb00000, 0x000000008bc00000|  0%| F|  |TAMS 0x000000008bb00000, 0x000000008bb00000| Untracked 
| 188|0x000000008bc00000, 0x000000008bc00000, 0x000000008bd00000|  0%| F|  |TAMS 0x000000008bc00000, 0x000000008bc00000| Untracked 
| 189|0x000000008bd00000, 0x000000008bd00000, 0x000000008be00000|  0%| F|  |TAMS 0x000000008bd00000, 0x000000008bd00000| Untracked 
| 190|0x000000008be00000, 0x000000008be00000, 0x000000008bf00000|  0%| F|  |TAMS 0x000000008be00000, 0x000000008be00000| Untracked 
| 191|0x000000008bf00000, 0x000000008bf00000, 0x000000008c000000|  0%| F|  |TAMS 0x000000008bf00000, 0x000000008bf00000| Untracked 
| 192|0x000000008c000000, 0x000000008c000000, 0x000000008c100000|  0%| F|  |TAMS 0x000000008c000000, 0x000000008c000000| Untracked 
| 193|0x000000008c100000, 0x000000008c100000, 0x000000008c200000|  0%| F|  |TAMS 0x000000008c100000, 0x000000008c100000| Untracked 
| 194|0x000000008c200000, 0x000000008c200000, 0x000000008c300000|  0%| F|  |TAMS 0x000000008c200000, 0x000000008c200000| Untracked 
| 195|0x000000008c300000, 0x000000008c300000, 0x000000008c400000|  0%| F|  |TAMS 0x000000008c300000, 0x000000008c300000| Untracked 
| 196|0x000000008c400000, 0x000000008c400000, 0x000000008c500000|  0%| F|  |TAMS 0x000000008c400000, 0x000000008c400000| Untracked 
| 197|0x000000008c500000, 0x000000008c500000, 0x000000008c600000|  0%| F|  |TAMS 0x000000008c500000, 0x000000008c500000| Untracked 
| 198|0x000000008c600000, 0x000000008c600000, 0x000000008c700000|  0%| F|  |TAMS 0x000000008c600000, 0x000000008c600000| Untracked 
| 199|0x000000008c700000, 0x000000008c700000, 0x000000008c800000|  0%| F|  |TAMS 0x000000008c700000, 0x000000008c700000| Untracked 
| 200|0x000000008c800000, 0x000000008c800000, 0x000000008c900000|  0%| F|  |TAMS 0x000000008c800000, 0x000000008c800000| Untracked 
| 201|0x000000008c900000, 0x000000008c900000, 0x000000008ca00000|  0%| F|  |TAMS 0x000000008c900000, 0x000000008c900000| Untracked 
| 202|0x000000008ca00000, 0x000000008ca00000, 0x000000008cb00000|  0%| F|  |TAMS 0x000000008ca00000, 0x000000008ca00000| Untracked 
| 203|0x000000008cb00000, 0x000000008cb00000, 0x000000008cc00000|  0%| F|  |TAMS 0x000000008cb00000, 0x000000008cb00000| Untracked 
| 204|0x000000008cc00000, 0x000000008cc00000, 0x000000008cd00000|  0%| F|  |TAMS 0x000000008cc00000, 0x000000008cc00000| Untracked 
| 205|0x000000008cd00000, 0x000000008cd00000, 0x000000008ce00000|  0%| F|  |TAMS 0x000000008cd00000, 0x000000008cd00000| Untracked 
| 206|0x000000008ce00000, 0x000000008ce00000, 0x000000008cf00000|  0%| F|  |TAMS 0x000000008ce00000, 0x000000008ce00000| Untracked 
| 207|0x000000008cf00000, 0x000000008cf00000, 0x000000008d000000|  0%| F|  |TAMS 0x000000008cf00000, 0x000000008cf00000| Untracked 
| 208|0x000000008d000000, 0x000000008d000000, 0x000000008d100000|  0%| F|  |TAMS 0x000000008d000000, 0x000000008d000000| Untracked 
| 209|0x000000008d100000, 0x000000008d100000, 0x000000008d200000|  0%| F|  |TAMS 0x000000008d100000, 0x000000008d100000| Untracked 
| 210|0x000000008d200000, 0x000000008d200000, 0x000000008d300000|  0%| F|  |TAMS 0x000000008d200000, 0x000000008d200000| Untracked 
| 211|0x000000008d300000, 0x000000008d300000, 0x000000008d400000|  0%| F|  |TAMS 0x000000008d300000, 0x000000008d300000| Untracked 
| 212|0x000000008d400000, 0x000000008d400000, 0x000000008d500000|  0%| F|  |TAMS 0x000000008d400000, 0x000000008d400000| Untracked 
| 213|0x000000008d500000, 0x000000008d500000, 0x000000008d600000|  0%| F|  |TAMS 0x000000008d500000, 0x000000008d500000| Untracked 
| 214|0x000000008d600000, 0x000000008d600000, 0x000000008d700000|  0%| F|  |TAMS 0x000000008d600000, 0x000000008d600000| Untracked 
| 215|0x000000008d700000, 0x000000008d700000, 0x000000008d800000|  0%| F|  |TAMS 0x000000008d700000, 0x000000008d700000| Untracked 
| 216|0x000000008d800000, 0x000000008d800000, 0x000000008d900000|  0%| F|  |TAMS 0x000000008d800000, 0x000000008d800000| Untracked 
| 217|0x000000008d900000, 0x000000008d900000, 0x000000008da00000|  0%| F|  |TAMS 0x000000008d900000, 0x000000008d900000| Untracked 
| 218|0x000000008da00000, 0x000000008da00000, 0x000000008db00000|  0%| F|  |TAMS 0x000000008da00000, 0x000000008da00000| Untracked 
| 219|0x000000008db00000, 0x000000008db00000, 0x000000008dc00000|  0%| F|  |TAMS 0x000000008db00000, 0x000000008db00000| Untracked 
| 220|0x000000008dc00000, 0x000000008dc00000, 0x000000008dd00000|  0%| F|  |TAMS 0x000000008dc00000, 0x000000008dc00000| Untracked 
| 221|0x000000008dd00000, 0x000000008dd00000, 0x000000008de00000|  0%| F|  |TAMS 0x000000008dd00000, 0x000000008dd00000| Untracked 
| 222|0x000000008de00000, 0x000000008de00000, 0x000000008df00000|  0%| F|  |TAMS 0x000000008de00000, 0x000000008de00000| Untracked 
| 223|0x000000008df00000, 0x000000008df00000, 0x000000008e000000|  0%| F|  |TAMS 0x000000008df00000, 0x000000008df00000| Untracked 
| 224|0x000000008e000000, 0x000000008e000000, 0x000000008e100000|  0%| F|  |TAMS 0x000000008e000000, 0x000000008e000000| Untracked 
| 225|0x000000008e100000, 0x000000008e100000, 0x000000008e200000|  0%| F|  |TAMS 0x000000008e100000, 0x000000008e100000| Untracked 
| 226|0x000000008e200000, 0x000000008e200000, 0x000000008e300000|  0%| F|  |TAMS 0x000000008e200000, 0x000000008e200000| Untracked 
| 227|0x000000008e300000, 0x000000008e300000, 0x000000008e400000|  0%| F|  |TAMS 0x000000008e300000, 0x000000008e300000| Untracked 
| 228|0x000000008e400000, 0x000000008e400000, 0x000000008e500000|  0%| F|  |TAMS 0x000000008e400000, 0x000000008e400000| Untracked 
| 229|0x000000008e500000, 0x000000008e500000, 0x000000008e600000|  0%| F|  |TAMS 0x000000008e500000, 0x000000008e500000| Untracked 
| 230|0x000000008e600000, 0x000000008e600000, 0x000000008e700000|  0%| F|  |TAMS 0x000000008e600000, 0x000000008e600000| Untracked 
| 231|0x000000008e700000, 0x000000008e700000, 0x000000008e800000|  0%| F|  |TAMS 0x000000008e700000, 0x000000008e700000| Untracked 
| 232|0x000000008e800000, 0x000000008e800000, 0x000000008e900000|  0%| F|  |TAMS 0x000000008e800000, 0x000000008e800000| Untracked 
| 233|0x000000008e900000, 0x000000008e900000, 0x000000008ea00000|  0%| F|  |TAMS 0x000000008e900000, 0x000000008e900000| Untracked 
| 234|0x000000008ea00000, 0x000000008ea00000, 0x000000008eb00000|  0%| F|  |TAMS 0x000000008ea00000, 0x000000008ea00000| Untracked 
| 235|0x000000008eb00000, 0x000000008eb00000, 0x000000008ec00000|  0%| F|  |TAMS 0x000000008eb00000, 0x000000008eb00000| Untracked 
| 236|0x000000008ec00000, 0x000000008ec00000, 0x000000008ed00000|  0%| F|  |TAMS 0x000000008ec00000, 0x000000008ec00000| Untracked 
| 237|0x000000008ed00000, 0x000000008ed00000, 0x000000008ee00000|  0%| F|  |TAMS 0x000000008ed00000, 0x000000008ed00000| Untracked 
| 238|0x000000008ee00000, 0x000000008ee00000, 0x000000008ef00000|  0%| F|  |TAMS 0x000000008ee00000, 0x000000008ee00000| Untracked 
| 239|0x000000008ef00000, 0x000000008ef00000, 0x000000008f000000|  0%| F|  |TAMS 0x000000008ef00000, 0x000000008ef00000| Untracked 
| 240|0x000000008f000000, 0x000000008f000000, 0x000000008f100000|  0%| F|  |TAMS 0x000000008f000000, 0x000000008f000000| Untracked 
| 241|0x000000008f100000, 0x000000008f100000, 0x000000008f200000|  0%| F|  |TAMS 0x000000008f100000, 0x000000008f100000| Untracked 
| 242|0x000000008f200000, 0x000000008f200000, 0x000000008f300000|  0%| F|  |TAMS 0x000000008f200000, 0x000000008f200000| Untracked 
| 243|0x000000008f300000, 0x000000008f300000, 0x000000008f400000|  0%| F|  |TAMS 0x000000008f300000, 0x000000008f300000| Untracked 
| 244|0x000000008f400000, 0x000000008f400000, 0x000000008f500000|  0%| F|  |TAMS 0x000000008f400000, 0x000000008f400000| Untracked 
| 245|0x000000008f500000, 0x000000008f500000, 0x000000008f600000|  0%| F|  |TAMS 0x000000008f500000, 0x000000008f500000| Untracked 
| 246|0x000000008f600000, 0x000000008f600000, 0x000000008f700000|  0%| F|  |TAMS 0x000000008f600000, 0x000000008f600000| Untracked 
| 247|0x000000008f700000, 0x000000008f700000, 0x000000008f800000|  0%| F|  |TAMS 0x000000008f700000, 0x000000008f700000| Untracked 
| 248|0x000000008f800000, 0x000000008f800000, 0x000000008f900000|  0%| F|  |TAMS 0x000000008f800000, 0x000000008f800000| Untracked 
| 249|0x000000008f900000, 0x000000008f900000, 0x000000008fa00000|  0%| F|  |TAMS 0x000000008f900000, 0x000000008f900000| Untracked 
| 250|0x000000008fa00000, 0x000000008fa00000, 0x000000008fb00000|  0%| F|  |TAMS 0x000000008fa00000, 0x000000008fa00000| Untracked 
| 251|0x000000008fb00000, 0x000000008fb00000, 0x000000008fc00000|  0%| F|  |TAMS 0x000000008fb00000, 0x000000008fb00000| Untracked 
| 252|0x000000008fc00000, 0x000000008fc00000, 0x000000008fd00000|  0%| F|  |TAMS 0x000000008fc00000, 0x000000008fc00000| Untracked 
| 253|0x000000008fd00000, 0x000000008fd00000, 0x000000008fe00000|  0%| F|  |TAMS 0x000000008fd00000, 0x000000008fd00000| Untracked 
| 254|0x000000008fe00000, 0x000000008fe00000, 0x000000008ff00000|  0%| F|  |TAMS 0x000000008fe00000, 0x000000008fe00000| Untracked 
| 255|0x000000008ff00000, 0x000000008ff00000, 0x0000000090000000|  0%| F|  |TAMS 0x000000008ff00000, 0x000000008ff00000| Untracked 
| 256|0x0000000090000000, 0x0000000090000000, 0x0000000090100000|  0%| F|  |TAMS 0x0000000090000000, 0x0000000090000000| Untracked 
| 257|0x0000000090100000, 0x0000000090100000, 0x0000000090200000|  0%| F|  |TAMS 0x0000000090100000, 0x0000000090100000| Untracked 
| 258|0x0000000090200000, 0x0000000090200000, 0x0000000090300000|  0%| F|  |TAMS 0x0000000090200000, 0x0000000090200000| Untracked 
| 259|0x0000000090300000, 0x0000000090300000, 0x0000000090400000|  0%| F|  |TAMS 0x0000000090300000, 0x0000000090300000| Untracked 
| 260|0x0000000090400000, 0x0000000090400000, 0x0000000090500000|  0%| F|  |TAMS 0x0000000090400000, 0x0000000090400000| Untracked 
| 261|0x0000000090500000, 0x0000000090500000, 0x0000000090600000|  0%| F|  |TAMS 0x0000000090500000, 0x0000000090500000| Untracked 
| 262|0x0000000090600000, 0x0000000090600000, 0x0000000090700000|  0%| F|  |TAMS 0x0000000090600000, 0x0000000090600000| Untracked 
| 263|0x0000000090700000, 0x0000000090700000, 0x0000000090800000|  0%| F|  |TAMS 0x0000000090700000, 0x0000000090700000| Untracked 
| 264|0x0000000090800000, 0x0000000090800000, 0x0000000090900000|  0%| F|  |TAMS 0x0000000090800000, 0x0000000090800000| Untracked 
| 265|0x0000000090900000, 0x0000000090900000, 0x0000000090a00000|  0%| F|  |TAMS 0x0000000090900000, 0x0000000090900000| Untracked 
| 266|0x0000000090a00000, 0x0000000090a00000, 0x0000000090b00000|  0%| F|  |TAMS 0x0000000090a00000, 0x0000000090a00000| Untracked 
| 267|0x0000000090b00000, 0x0000000090b00000, 0x0000000090c00000|  0%| F|  |TAMS 0x0000000090b00000, 0x0000000090b00000| Untracked 
| 268|0x0000000090c00000, 0x0000000090c00000, 0x0000000090d00000|  0%| F|  |TAMS 0x0000000090c00000, 0x0000000090c00000| Untracked 
| 269|0x0000000090d00000, 0x0000000090d00000, 0x0000000090e00000|  0%| F|  |TAMS 0x0000000090d00000, 0x0000000090d00000| Untracked 
| 270|0x0000000090e00000, 0x0000000090e00000, 0x0000000090f00000|  0%| F|  |TAMS 0x0000000090e00000, 0x0000000090e00000| Untracked 
| 271|0x0000000090f00000, 0x0000000090f00000, 0x0000000091000000|  0%| F|  |TAMS 0x0000000090f00000, 0x0000000090f00000| Untracked 
| 272|0x0000000091000000, 0x0000000091000000, 0x0000000091100000|  0%| F|  |TAMS 0x0000000091000000, 0x0000000091000000| Untracked 
| 273|0x0000000091100000, 0x0000000091100000, 0x0000000091200000|  0%| F|  |TAMS 0x0000000091100000, 0x0000000091100000| Untracked 
| 274|0x0000000091200000, 0x0000000091200000, 0x0000000091300000|  0%| F|  |TAMS 0x0000000091200000, 0x0000000091200000| Untracked 
| 275|0x0000000091300000, 0x0000000091300000, 0x0000000091400000|  0%| F|  |TAMS 0x0000000091300000, 0x0000000091300000| Untracked 
| 276|0x0000000091400000, 0x0000000091400000, 0x0000000091500000|  0%| F|  |TAMS 0x0000000091400000, 0x0000000091400000| Untracked 
| 277|0x0000000091500000, 0x0000000091500000, 0x0000000091600000|  0%| F|  |TAMS 0x0000000091500000, 0x0000000091500000| Untracked 
| 278|0x0000000091600000, 0x0000000091600000, 0x0000000091700000|  0%| F|  |TAMS 0x0000000091600000, 0x0000000091600000| Untracked 
| 279|0x0000000091700000, 0x0000000091700000, 0x0000000091800000|  0%| F|  |TAMS 0x0000000091700000, 0x0000000091700000| Untracked 
| 280|0x0000000091800000, 0x0000000091800000, 0x0000000091900000|  0%| F|  |TAMS 0x0000000091800000, 0x0000000091800000| Untracked 
| 281|0x0000000091900000, 0x0000000091900000, 0x0000000091a00000|  0%| F|  |TAMS 0x0000000091900000, 0x0000000091900000| Untracked 
| 282|0x0000000091a00000, 0x0000000091a00000, 0x0000000091b00000|  0%| F|  |TAMS 0x0000000091a00000, 0x0000000091a00000| Untracked 
| 283|0x0000000091b00000, 0x0000000091b00000, 0x0000000091c00000|  0%| F|  |TAMS 0x0000000091b00000, 0x0000000091b00000| Untracked 
| 284|0x0000000091c00000, 0x0000000091c00000, 0x0000000091d00000|  0%| F|  |TAMS 0x0000000091c00000, 0x0000000091c00000| Untracked 
| 285|0x0000000091d00000, 0x0000000091d00000, 0x0000000091e00000|  0%| F|  |TAMS 0x0000000091d00000, 0x0000000091d00000| Untracked 
| 286|0x0000000091e00000, 0x0000000091e00000, 0x0000000091f00000|  0%| F|  |TAMS 0x0000000091e00000, 0x0000000091e00000| Untracked 
| 287|0x0000000091f00000, 0x0000000091f00000, 0x0000000092000000|  0%| F|  |TAMS 0x0000000091f00000, 0x0000000091f00000| Untracked 
| 288|0x0000000092000000, 0x0000000092000000, 0x0000000092100000|  0%| F|  |TAMS 0x0000000092000000, 0x0000000092000000| Untracked 
| 289|0x0000000092100000, 0x0000000092100000, 0x0000000092200000|  0%| F|  |TAMS 0x0000000092100000, 0x0000000092100000| Untracked 
| 290|0x0000000092200000, 0x0000000092200000, 0x0000000092300000|  0%| F|  |TAMS 0x0000000092200000, 0x0000000092200000| Untracked 
| 291|0x0000000092300000, 0x0000000092300000, 0x0000000092400000|  0%| F|  |TAMS 0x0000000092300000, 0x0000000092300000| Untracked 
| 292|0x0000000092400000, 0x00000000924e1dd8, 0x0000000092500000| 88%| E|  |TAMS 0x0000000092400000, 0x0000000092400000| Complete 
| 293|0x0000000092500000, 0x00000000925ee588, 0x0000000092600000| 93%| E|  |TAMS 0x0000000092500000, 0x0000000092500000| Complete 
| 294|0x0000000092600000, 0x0000000092700000, 0x0000000092700000|100%| E|CS|TAMS 0x0000000092600000, 0x0000000092600000| Complete 
| 295|0x0000000092700000, 0x0000000092800000, 0x0000000092800000|100%| E|CS|TAMS 0x0000000092700000, 0x0000000092700000| Complete 
| 296|0x0000000092800000, 0x0000000092900000, 0x0000000092900000|100%| E|CS|TAMS 0x0000000092800000, 0x0000000092800000| Complete 
| 297|0x0000000092900000, 0x0000000092a00000, 0x0000000092a00000|100%| E|CS|TAMS 0x0000000092900000, 0x0000000092900000| Complete 

Card table byte_map: [0x00000215dc3d0000,0x00000215dc7d0000] _byte_map_base: 0x00000215dbfd0000

Marking Bits (Prev, Next): (CMBitMap*) 0x00000215c540c980, (CMBitMap*) 0x00000215c540c948
 Prev Bits: [0x00000215debd0000, 0x00000215e0bd0000)
 Next Bits: [0x00000215dcbd0000, 0x00000215debd0000)

Polling page: 0x00000215c3220000

Metaspace:

Usage:
  Non-class:     84.96 MB capacity,    82.62 MB ( 97%) used,     2.04 MB (  2%) free+waste,   306.00 KB ( <1%) overhead. 
      Class:     14.27 MB capacity,    12.77 MB ( 90%) used,     1.35 MB (  9%) free+waste,   148.69 KB (  1%) overhead. 
       Both:     99.22 MB capacity,    95.39 MB ( 96%) used,     3.39 MB (  3%) free+waste,   454.69 KB ( <1%) overhead. 

Virtual space:
  Non-class space:       86.00 MB reserved,      85.00 MB ( 99%) committed 
      Class space:      504.00 MB reserved,      14.38 MB (  3%) committed 
             Both:      590.00 MB reserved,      99.38 MB ( 17%) committed 

Chunk freelists:
   Non-Class:  256 bytes
       Class:  1.63 KB
        Both:  1.88 KB

CodeHeap 'non-profiled nmethods': size=120000Kb used=5706Kb max_used=5706Kb free=114293Kb
 bounds [0x00000215d4550000, 0x00000215d4af0000, 0x00000215dba80000]
CodeHeap 'profiled nmethods': size=120000Kb used=23748Kb max_used=23748Kb free=96251Kb
 bounds [0x00000215cd020000, 0x00000215ce760000, 0x00000215d4550000]
CodeHeap 'non-nmethods': size=5760Kb used=2310Kb max_used=2365Kb free=3450Kb
 bounds [0x00000215cca80000, 0x00000215cccf0000, 0x00000215cd020000]
 total_blobs=12454 nmethods=11531 adapters=833
 compilation: enabled
              stopped_count=0, restarted_count=0
 full_count=0

Compilation events (10 events):
Event: 78.268 Thread 0x00000215e417e000 11812       2       org.gradle.internal.resolve.result.DefaultBuildableTypedResolveResult::getFailure (9 bytes)
Event: 78.269 Thread 0x00000215e417e000 nmethod 11812 0x00000215ce74ad10 code [0x00000215ce74aec0, 0x00000215ce74b0c8]
Event: 78.270 Thread 0x00000215e417e000 11813   !   2       org.gradle.internal.operations.DefaultBuildOperationQueue$WorkerRunnable::runOperation (26 bytes)
Event: 78.271 Thread 0x00000215e417e000 nmethod 11813 0x00000215ce74b210 code [0x00000215ce74b3c0, 0x00000215ce74b598]
Event: 78.271 Thread 0x00000215e417e000 11814       2       org.gradle.internal.operations.DefaultBuildOperationExecutor$QueueWorker::execute (22 bytes)
Event: 78.271 Thread 0x00000215e417e000 nmethod 11814 0x00000215ce74b810 code [0x00000215ce74b9c0, 0x00000215ce74bae8]
Event: 78.274 Thread 0x00000215e417e000 11815       2       org.gradle.internal.operations.DefaultBuildOperationQueue$WorkerRunnable$$Lambda$678/0x0000000100700840::create (12 bytes)
Event: 78.275 Thread 0x00000215e417e000 nmethod 11815 0x00000215ce74bc10 code [0x00000215ce74bde0, 0x00000215ce74c098]
Event: 78.275 Thread 0x00000215e417e000 11816       2       org.gradle.internal.operations.DefaultBuildOperationQueue$WorkerRunnable::lambda$runBatch$0 (9 bytes)
Event: 78.275 Thread 0x00000215e417e000 nmethod 11816 0x00000215ce74c410 code [0x00000215ce74c5e0, 0x00000215ce74c948]

GC Heap History (10 events):
Event: 76.789 GC heap before
{Heap before GC invocations=62 (full 0):
 garbage-first heap   total 149504K, used 126284K [0x0000000080000000, 0x0000000100000000)
  region size 1024K, 15 young (15360K), 2 survivors (2048K)
 Metaspace       used 95398K, capacity 98910K, committed 99200K, reserved 602112K
  class space    used 12776K, capacity 14109K, committed 14208K, reserved 516096K
}
Event: 76.793 GC heap after
{Heap after GC invocations=63 (full 0):
 garbage-first heap   total 202752K, used 117411K [0x0000000080000000, 0x0000000100000000)
  region size 1024K, 2 young (2048K), 2 survivors (2048K)
 Metaspace       used 95398K, capacity 98910K, committed 99200K, reserved 602112K
  class space    used 12776K, capacity 14109K, committed 14208K, reserved 516096K
}
Event: 77.057 GC heap before
{Heap before GC invocations=63 (full 0):
 garbage-first heap   total 202752K, used 145059K [0x0000000080000000, 0x0000000100000000)
  region size 1024K, 29 young (29696K), 2 survivors (2048K)
 Metaspace       used 96613K, capacity 100205K, committed 100352K, reserved 602112K
  class space    used 12930K, capacity 14284K, committed 14336K, reserved 516096K
}
Event: 77.071 GC heap after
{Heap after GC invocations=64 (full 0):
 garbage-first heap   total 202752K, used 119663K [0x0000000080000000, 0x0000000100000000)
  region size 1024K, 4 young (4096K), 4 survivors (4096K)
 Metaspace       used 96613K, capacity 100205K, committed 100352K, reserved 602112K
  class space    used 12930K, capacity 14284K, committed 14336K, reserved 516096K
}
Event: 77.461 GC heap before
{Heap before GC invocations=65 (full 0):
 garbage-first heap   total 202752K, used 148335K [0x0000000080000000, 0x0000000100000000)
  region size 1024K, 32 young (32768K), 4 survivors (4096K)
 Metaspace       used 97273K, capacity 100984K, committed 101248K, reserved 604160K
  class space    used 13012K, capacity 14390K, committed 14464K, reserved 516096K
}
Event: 77.473 GC heap after
{Heap after GC invocations=66 (full 0):
 garbage-first heap   total 202752K, used 120873K [0x0000000080000000, 0x0000000100000000)
  region size 1024K, 4 young (4096K), 4 survivors (4096K)
 Metaspace       used 97273K, capacity 100984K, committed 101248K, reserved 604160K
  class space    used 13012K, capacity 14390K, committed 14464K, reserved 516096K
}
Event: 77.776 GC heap before
{Heap before GC invocations=66 (full 0):
 garbage-first heap   total 202752K, used 130089K [0x0000000080000000, 0x0000000100000000)
  region size 1024K, 15 young (15360K), 4 survivors (4096K)
 Metaspace       used 97412K, capacity 101204K, committed 101376K, reserved 604160K
  class space    used 13040K, capacity 14509K, committed 14592K, reserved 516096K
}
Event: 77.780 GC heap after
{Heap after GC invocations=67 (full 0):
 garbage-first heap   total 202752K, used 121552K [0x0000000080000000, 0x0000000100000000)
  region size 1024K, 3 young (3072K), 3 survivors (3072K)
 Metaspace       used 97412K, capacity 101204K, committed 101376K, reserved 604160K
  class space    used 13040K, capacity 14509K, committed 14592K, reserved 516096K
}
Event: 78.294 GC heap before
{Heap before GC invocations=68 (full 0):
 garbage-first heap   total 202752K, used 155344K [0x0000000080000000, 0x0000000100000000)
  region size 1024K, 34 young (34816K), 3 survivors (3072K)
 Metaspace       used 97654K, capacity 101580K, committed 101760K, reserved 604160K
  class space    used 13073K, capacity 14606K, committed 14720K, reserved 516096K
}
Event: 78.323 GC heap after
{Heap after GC invocations=69 (full 0):
 garbage-first heap   total 305152K, used 130394K [0x0000000080000000, 0x0000000100000000)
  region size 1024K, 5 young (5120K), 5 survivors (5120K)
 Metaspace       used 97654K, capacity 101580K, committed 101760K, reserved 604160K
  class space    used 13073K, capacity 14606K, committed 14720K, reserved 516096K
}

Deoptimization events (10 events):
Event: 74.031 Thread 0x00000215e4188800 Uncommon trap: reason=unstable_if action=reinterpret pc=0x00000215d4701d08 method=java.io.WinNTFileSystem.normalize(Ljava/lang/String;)Ljava/lang/String; @ 74 c2
Event: 74.031 Thread 0x00000215e4188800 Uncommon trap: reason=unstable_if action=reinterpret pc=0x00000215d484a358 method=java.io.WinNTFileSystem.normalize(Ljava/lang/String;II)Ljava/lang/String; @ 100 c2
Event: 74.902 Thread 0x00000215e8556000 Uncommon trap: reason=unstable_if action=reinterpret pc=0x00000215d48050f8 method=java.util.concurrent.ConcurrentLinkedQueue.updateHead(Ljava/util/concurrent/ConcurrentLinkedQueue$Node;Ljava/util/concurrent/ConcurrentLinkedQueue$Node;)V @ 14 c2
Event: 75.054 Thread 0x00000215e4188800 Uncommon trap: reason=unstable_if action=reinterpret pc=0x00000215d46d5bdc method=java.lang.StringCoding.newStringUTF8NoRepl([BII)Ljava/lang/String; @ 12 c2
Event: 75.185 Thread 0x00000215e4188800 Uncommon trap: reason=unstable_if action=reinterpret pc=0x00000215d4617848 method=java.lang.Integer.stringSize(I)I @ 19 c2
Event: 75.943 Thread 0x00000215e4188800 Uncommon trap: reason=unstable_if action=reinterpret pc=0x00000215d492aff8 method=java.lang.String.regionMatches(ZILjava/lang/String;II)Z @ 52 c2
Event: 76.233 Thread 0x00000215e4188800 Uncommon trap: reason=class_check action=make_not_entrant pc=0x00000215d4a56c2c method=java.util.ArrayList.toArray([Ljava/lang/Object;)[Ljava/lang/Object; @ 21 c2
Event: 76.709 Thread 0x00000215e4188800 Uncommon trap: reason=unstable_if action=reinterpret pc=0x00000215d45a67f0 method=java.util.jar.JarFile.match([B[B[B[B)I @ 52 c2
Event: 76.982 Thread 0x00000215e4188800 Uncommon trap: reason=unstable_if action=reinterpret pc=0x00000215d485dc54 method=java.io.WinNTFileSystem.resolve(Ljava/lang/String;Ljava/lang/String;)Ljava/lang/String; @ 83 c2
Event: 77.576 Thread 0x00000215e4188800 Uncommon trap: reason=unstable_if action=reinterpret pc=0x00000215d48056b0 method=org.gradle.internal.snapshot.VfsRelativePath.isPrefix(Ljava/lang/String;ILjava/lang/String;ILorg/gradle/internal/snapshot/CaseSensitivity;)Z @ 101 c2

Classes redefined (0 events):
No events

Internal exceptions (10 events):
Event: 77.979 Thread 0x00000215e4188800 Exception <a 'java/lang/ClassNotFoundException'{0x000000008bbdc5d0}: build_543qaeqo9s0t4wvz821dg1gy3Customizer> (0x000000008bbdc5d0) thrown at [./open/src/hotspot/share/classfile/systemDictionary.cpp, line 226]
Event: 77.991 Thread 0x00000215e4188800 Exception <a 'java/lang/ClassNotFoundException'{0x000000008b7904b0}: build_543qaeqo9s0t4wvz821dg1gy3BeanInfo> (0x000000008b7904b0) thrown at [./open/src/hotspot/share/classfile/systemDictionary.cpp, line 226]
Event: 77.991 Thread 0x00000215e4188800 Exception <a 'java/lang/ClassNotFoundException'{0x000000008b79c4b0}: build_543qaeqo9s0t4wvz821dg1gy3Customizer> (0x000000008b79c4b0) thrown at [./open/src/hotspot/share/classfile/systemDictionary.cpp, line 226]
Event: 78.015 Thread 0x00000215e4188800 Exception <a 'java/lang/ClassNotFoundException'{0x000000008b4450d0}: build_543qaeqo9s0t4wvz821dg1gy3$_run_closure1BeanInfo> (0x000000008b4450d0) thrown at [./open/src/hotspot/share/classfile/systemDictionary.cpp, line 226]
Event: 78.015 Thread 0x00000215e4188800 Exception <a 'java/lang/ClassNotFoundException'{0x000000008b4553f8}: build_543qaeqo9s0t4wvz821dg1gy3$_run_closure1Customizer> (0x000000008b4553f8) thrown at [./open/src/hotspot/share/classfile/systemDictionary.cpp, line 226]
Event: 78.053 Thread 0x00000215e4188800 Exception <a 'java/lang/NoClassDefFoundError'{0x000000008b067cd0}: org/jetbrains/kotlin/gradle/plugin/KotlinBasePluginWrapper> (0x000000008b067cd0) thrown at [./open/src/hotspot/share/oops/constantPool.cpp, line 770]
Event: 78.072 Thread 0x00000215e4188800 Exception <a 'java/lang/ClassNotFoundException'{0x000000008ae95c28}: build_4o781305cjoyu1mbtdg11857pBeanInfo> (0x000000008ae95c28) thrown at [./open/src/hotspot/share/classfile/systemDictionary.cpp, line 226]
Event: 78.072 Thread 0x00000215e4188800 Exception <a 'java/lang/ClassNotFoundException'{0x000000008aea1c88}: build_4o781305cjoyu1mbtdg11857pCustomizer> (0x000000008aea1c88) thrown at [./open/src/hotspot/share/classfile/systemDictionary.cpp, line 226]
Event: 78.081 Thread 0x00000215e4188800 Exception <a 'java/lang/ClassNotFoundException'{0x000000008ad1bcc0}: build_4o781305cjoyu1mbtdg11857p$_run_closure1BeanInfo> (0x000000008ad1bcc0) thrown at [./open/src/hotspot/share/classfile/systemDictionary.cpp, line 226]
Event: 78.081 Thread 0x00000215e4188800 Exception <a 'java/lang/ClassNotFoundException'{0x000000008ad22cc8}: build_4o781305cjoyu1mbtdg11857p$_run_closure1Customizer> (0x000000008ad22cc8) thrown at [./open/src/hotspot/share/classfile/systemDictionary.cpp, line 226]

Events (10 events):
Event: 78.081 loading class build_4o781305cjoyu1mbtdg11857p$_run_closure1BeanInfo
Event: 78.081 loading class build_4o781305cjoyu1mbtdg11857p$_run_closure1BeanInfo done
Event: 78.081 loading class build_4o781305cjoyu1mbtdg11857p$_run_closure1Customizer
Event: 78.081 loading class build_4o781305cjoyu1mbtdg11857p$_run_closure1Customizer done
Event: 78.081 loading class build_4o781305cjoyu1mbtdg11857p$_run_closure1Customizer
Event: 78.081 loading class build_4o781305cjoyu1mbtdg11857p$_run_closure1Customizer done
Event: 78.081 Executing VM operation: BulkRevokeBias
Event: 78.085 Executing VM operation: BulkRevokeBias done
Event: 78.294 Executing VM operation: G1CollectForAllocation
Event: 78.323 Executing VM operation: G1CollectForAllocation done


Dynamic libraries:
0x00007ff68f470000 - 0x00007ff68f47f000 	C:\Program Files\Java\jdk-11.0.16\bin\java.exe
0x00007ff8fb7b0000 - 0x00007ff8fb9a8000 	C:\Windows\SYSTEM32\ntdll.dll
0x00007ff8fa280000 - 0x00007ff8fa33f000 	C:\Windows\System32\KERNEL32.DLL
0x00007ff8f9190000 - 0x00007ff8f9462000 	C:\Windows\System32\KERNELBASE.dll
0x00007ff8f8ea0000 - 0x00007ff8f8fa0000 	C:\Windows\System32\ucrtbase.dll
0x00007ff8f0990000 - 0x00007ff8f09a8000 	C:\Program Files\Java\jdk-11.0.16\bin\jli.dll
0x00007ff8eb030000 - 0x00007ff8eb045000 	C:\Program Files\Java\jdk-11.0.16\bin\VCRUNTIME140.dll
0x00007ff8f97f0000 - 0x00007ff8f989e000 	C:\Windows\System32\ADVAPI32.dll
0x00007ff8fb6d0000 - 0x00007ff8fb76e000 	C:\Windows\System32\msvcrt.dll
0x00007ff8fa8a0000 - 0x00007ff8fa93c000 	C:\Windows\System32\sechost.dll
0x00007ff8fb180000 - 0x00007ff8fb2a5000 	C:\Windows\System32\RPCRT4.dll
0x00007ff8fb2e0000 - 0x00007ff8fb481000 	C:\Windows\System32\USER32.dll
0x00007ff8f9010000 - 0x00007ff8f9032000 	C:\Windows\System32\win32u.dll
0x00007ff8e00d0000 - 0x00007ff8e036a000 	C:\Windows\WinSxS\amd64_microsoft.windows.common-controls_6595b64144ccf1df_6.0.19041.1110_none_60b5254171f9507e\COMCTL32.dll
0x00007ff8fb2b0000 - 0x00007ff8fb2db000 	C:\Windows\System32\GDI32.dll
0x00007ff8f9650000 - 0x00007ff8f975f000 	C:\Windows\System32\gdi32full.dll
0x00007ff8f9040000 - 0x00007ff8f90dd000 	C:\Windows\System32\msvcp_win.dll
0x00007ff8f1e50000 - 0x00007ff8f1e5a000 	C:\Windows\SYSTEM32\VERSION.dll
0x00007ff8fa7a0000 - 0x00007ff8fa7d2000 	C:\Windows\System32\IMM32.DLL
0x00007ff8df510000 - 0x00007ff8df5ab000 	C:\Program Files\Java\jdk-11.0.16\bin\msvcp140.dll
0x00007ff8b6810000 - 0x00007ff8b7328000 	C:\Program Files\Java\jdk-11.0.16\bin\server\jvm.dll
0x00007ff8fa0e0000 - 0x00007ff8fa0e8000 	C:\Windows\System32\PSAPI.DLL
0x00007ff8e7850000 - 0x00007ff8e7877000 	C:\Windows\SYSTEM32\WINMM.dll
0x00007ff8e38e0000 - 0x00007ff8e38e9000 	C:\Windows\SYSTEM32\WSOCK32.dll
0x00007ff8fa070000 - 0x00007ff8fa0db000 	C:\Windows\System32\WS2_32.dll
0x00007ff8f76f0000 - 0x00007ff8f7702000 	C:\Windows\SYSTEM32\kernel.appcore.dll
0x00007ff8f2990000 - 0x00007ff8f29a0000 	C:\Program Files\Java\jdk-11.0.16\bin\verify.dll
0x00007ff8f6d30000 - 0x00007ff8f6f14000 	C:\Windows\SYSTEM32\DBGHELP.DLL
0x00007ff8f1a40000 - 0x00007ff8f1a75000 	C:\Windows\SYSTEM32\dbgcore.DLL
0x00007ff8f9760000 - 0x00007ff8f97e2000 	C:\Windows\System32\bcryptPrimitives.dll
0x00007ff8eab70000 - 0x00007ff8eab98000 	C:\Program Files\Java\jdk-11.0.16\bin\java.dll
0x00007ff8f04f0000 - 0x00007ff8f04fa000 	C:\Program Files\Java\jdk-11.0.16\bin\jimage.dll
0x00007ff8eacd0000 - 0x00007ff8eace6000 	C:\Program Files\Java\jdk-11.0.16\bin\zip.dll
0x00007ff8f98a0000 - 0x00007ff8f9fe4000 	C:\Windows\System32\SHELL32.dll
0x00007ff8f6f40000 - 0x00007ff8f76d2000 	C:\Windows\SYSTEM32\windows.storage.dll
0x00007ff8fa940000 - 0x00007ff8fac95000 	C:\Windows\System32\combase.dll
0x00007ff8f8900000 - 0x00007ff8f8930000 	C:\Windows\SYSTEM32\Wldp.dll
0x00007ff8fb490000 - 0x00007ff8fb53d000 	C:\Windows\System32\SHCORE.dll
0x00007ff8faca0000 - 0x00007ff8facf5000 	C:\Windows\System32\shlwapi.dll
0x00007ff8f8de0000 - 0x00007ff8f8dff000 	C:\Windows\SYSTEM32\profapi.dll
0x00007ff8e8890000 - 0x00007ff8e88a9000 	C:\Program Files\Java\jdk-11.0.16\bin\net.dll
0x00007ff8f10c0000 - 0x00007ff8f11cc000 	C:\Windows\SYSTEM32\WINHTTP.dll
0x00007ff8f8660000 - 0x00007ff8f86ca000 	C:\Windows\system32\mswsock.dll
0x00007ff8e8790000 - 0x00007ff8e87a2000 	C:\Program Files\Java\jdk-11.0.16\bin\nio.dll
0x00007ff8e4070000 - 0x00007ff8e4097000 	C:\Users\MIT\.gradle\native\e1d6ef7f7dcc3fd88c89a11ec53ec762bb8ba0a96d01ffa2cd45eb1d1d8dd5c5\windows-amd64\native-platform.dll
0x00007ff8be770000 - 0x00007ff8be8b4000 	C:\Users\MIT\.gradle\native\0d407fdbe67a94daf76414ababcb853783967236a71b16ec16e742cd7a986fd3\windows-amd64\native-platform-file-events.dll
0x00007ff8ecf50000 - 0x00007ff8ecf59000 	C:\Program Files\Java\jdk-11.0.16\bin\management.dll
0x00007ff8eacb0000 - 0x00007ff8eacbb000 	C:\Program Files\Java\jdk-11.0.16\bin\management_ext.dll
0x00007ff8f8860000 - 0x00007ff8f8878000 	C:\Windows\SYSTEM32\CRYPTSP.dll
0x00007ff8f7f10000 - 0x00007ff8f7f44000 	C:\Windows\system32\rsaenh.dll
0x00007ff8f95d0000 - 0x00007ff8f95f7000 	C:\Windows\System32\bcrypt.dll
0x00007ff8f8d60000 - 0x00007ff8f8d8e000 	C:\Windows\SYSTEM32\USERENV.dll
0x00007ff8f8850000 - 0x00007ff8f885c000 	C:\Windows\SYSTEM32\CRYPTBASE.dll
0x00007ff8f8300000 - 0x00007ff8f833b000 	C:\Windows\SYSTEM32\IPHLPAPI.DLL
0x00007ff8fad00000 - 0x00007ff8fad08000 	C:\Windows\System32\NSI.dll
0x00007ff8f19f0000 - 0x00007ff8f1a07000 	C:\Windows\SYSTEM32\dhcpcsvc6.DLL
0x00007ff8f1f30000 - 0x00007ff8f1f4d000 	C:\Windows\SYSTEM32\dhcpcsvc.DLL
0x00007ff8f8340000 - 0x00007ff8f840a000 	C:\Windows\SYSTEM32\DNSAPI.dll

dbghelp: loaded successfully - version: 4.0.5 - missing functions: none
symbol engine: initialized successfully - sym options: 0x614 - pdb path: .;C:\Program Files\Java\jdk-11.0.16\bin;C:\Windows\SYSTEM32;C:\Windows\WinSxS\amd64_microsoft.windows.common-controls_6595b64144ccf1df_6.0.19041.1110_none_60b5254171f9507e;C:\Program Files\Java\jdk-11.0.16\bin\server;C:\Users\MIT\.gradle\native\e1d6ef7f7dcc3fd88c89a11ec53ec762bb8ba0a96d01ffa2cd45eb1d1d8dd5c5\windows-amd64;C:\Users\MIT\.gradle\native\0d407fdbe67a94daf76414ababcb853783967236a71b16ec16e742cd7a986fd3\windows-amd64

VM Arguments:
jvm_args: -XX:MaxMetaspaceSize=512m --add-opens=java.base/java.util=ALL-UNNAMED --add-opens=java.base/java.lang=ALL-UNNAMED --add-opens=java.base/java.lang.invoke=ALL-UNNAMED --add-opens=java.base/java.util=ALL-UNNAMED --add-opens=java.prefs/java.util.prefs=ALL-UNNAMED --add-opens=java.prefs/java.util.prefs=ALL-UNNAMED --add-opens=java.base/java.nio.charset=ALL-UNNAMED --add-opens=java.base/java.net=ALL-UNNAMED --add-opens=java.base/java.util.concurrent.atomic=ALL-UNNAMED -Xmx2048m -Dfile.encoding=utf8 -Duser.country=IN -Duser.language=en -Duser.variant 
java_command: org.gradle.launcher.daemon.bootstrap.GradleDaemon 7.5.1
java_class_path (initial): C:\Users\MIT\.gradle\wrapper\dists\gradle-7.5.1-all\1ehga6e77gqps5uk2kc5kf1vc\gradle-7.5.1\lib\gradle-launcher-7.5.1.jar
Launcher Type: SUN_STANDARD

[Global flags]
     intx CICompilerCount                          = 4                                         {product} {ergonomic}
   size_t CompressedClassSpaceSize                 = 528482304                                 {product} {ergonomic}
     uint ConcGCThreads                            = 3                                         {product} {ergonomic}
     uint G1ConcRefinementThreads                  = 10                                        {product} {ergonomic}
   size_t G1HeapRegionSize                         = 1048576                                   {product} {ergonomic}
    uintx GCDrainStackTargetSize                   = 64                                        {product} {ergonomic}
   size_t InitialHeapSize                          = 123731968                                 {product} {ergonomic}
   size_t MarkStackSize                            = 4194304                                   {product} {ergonomic}
   size_t MaxHeapSize                              = 2147483648                                {product} {command line}
   size_t MaxMetaspaceSize                         = 536870912                                 {product} {command line}
   size_t MaxNewSize                               = 1287651328                                {product} {ergonomic}
   size_t MinHeapDeltaBytes                        = 1048576                                   {product} {ergonomic}
    uintx NonNMethodCodeHeapSize                   = 5836300                                {pd product} {ergonomic}
    uintx NonProfiledCodeHeapSize                  = 122910970                              {pd product} {ergonomic}
    uintx ProfiledCodeHeapSize                     = 122910970                              {pd product} {ergonomic}
    uintx ReservedCodeCacheSize                    = 251658240                              {pd product} {ergonomic}
     bool SegmentedCodeCache                       = true                                      {product} {ergonomic}
     bool UseCompressedClassPointers               = true                                 {lp64_product} {ergonomic}
     bool UseCompressedOops                        = true                                 {lp64_product} {ergonomic}
     bool UseG1GC                                  = true                                      {product} {ergonomic}
     bool UseLargePagesIndividualAllocation        = false                                  {pd product} {ergonomic}

Logging:
Log output configuration:
 #0: stdout all=warning uptime,level,tags
 #1: stderr all=off uptime,level,tags

Environment Variables:
JAVA_HOME=C:\Program Files\Java\jdk-11.0.16
PATH=C:\Program Files\Common Files\Oracle\Java\javapath;C:\Program Files (x86)\Common Files\Intel\Shared Libraries\redist\intel64\compiler;C:\Windows\system32;C:\Windows;C:\Windows\System32\Wbem;C:\Windows\System32\WindowsPowerShell\v1.0\;C:\Windows\System32\OpenSSH\;C:\Program Files (x86)\NVIDIA Corporation\PhysX\Common;C:\Program Files\NVIDIA Corporation\NVIDIA NvDLISR;C:\Program Files\Git\cmd;C:\xampp\php;C:\ProgramData\ComposerSetup\bin;C:\Program Files\nodejs\;C:\Users\MIT\AppData\Local\Microsoft\WindowsApps;D:\Microsoft VS Code\bin;C:\Users\MIT\AppData\Roaming\Composer\vendor\bin;C:\Users\MIT\AppData\Roaming\npm;C:\Users\MIT\AppData\Local\Android\Sdk\platform-tools;C:\Users\MIT\AppData\Local\GitHubDesktop\bin;
USERNAME=MIT
OS=Windows_NT
PROCESSOR_IDENTIFIER=AMD64 Family 23 Model 96 Stepping 1, AuthenticAMD



---------------  S Y S T E M  ---------------

OS: Windows 10 , 64 bit Build 19041 (10.0.19041.2364)

CPU:total 12 (initial active 12) (12 cores per cpu, 2 threads per core) family 23 model 96 stepping 1 microcode 0x0, cmov, cx8, fxsr, mmx, sse, sse2, sse3, ssse3, sse4.1, sse4.2, popcnt, avx, avx2, aes, clmul, mmxext, 3dnowpref, lzcnt, sse4a, ht, tsc, tscinvbit, tscinv, bmi1, bmi2, adx, 

Memory: 4k page, system-wide physical 7549M (329M free)
TotalPageFile size 31101M (AvailPageFile size 3M)
current process WorkingSet (physical memory assigned to process): 374M, peak: 392M
current process commit charge ("private bytes"): 650M, peak: 654M

vm_info: Java HotSpot(TM) 64-Bit Server VM (11.0.16+11-LTS-199) for windows-amd64 JRE (11.0.16+11-LTS-199), built on Jun 28 2022 08:23:17 by "mach5one" with MS VC++ 15.9 (VS2017)

END.
