#
# There is insufficient memory for the Java Runtime Environment to continue.
# Native memory allocation (malloc) failed to allocate 460816 bytes for Chunk::new
# Possible reasons:
#   The system is out of physical RAM or swap space
#   The process is running with CompressedOops enabled, and the Java Heap may be blocking the growth of the native heap
# Possible solutions:
#   Reduce memory load on the system
#   Increase physical memory or swap space
#   Check if swap backing store is full
#   Decrease Java heap size (-Xmx/-Xms)
#   Decrease number of Java threads
#   Decrease Java thread stack sizes (-Xss)
#   Set larger code cache with -XX:ReservedCodeCacheSize=
#   JVM is running with Unscaled Compressed Oops mode in which the Java heap is
#     placed in the first 4GB address space. The Java Heap base address is the
#     maximum limit for the native heap growth. Please use -XX:HeapBaseMinAddress
#     to set the Java Heap base and to place the Java Heap above 4GB virtual address.
# This output file may be truncated or incomplete.
#
#  Out of Memory Error (./open/src/hotspot/share/memory/arena.cpp:197), pid=16908, tid=4968
#
# JRE version: Java(TM) SE Runtime Environment 18.9 (11.0.16+11) (build 11.0.16+11-LTS-199)
# Java VM: Java HotSpot(TM) 64-Bit Server VM 18.9 (11.0.16+11-LTS-199, mixed mode, tiered, compressed oops, g1 gc, windows-amd64)
# No core dump will be written. Minidumps are not enabled by default on client versions of Windows
#

---------------  S U M M A R Y ------------

Command Line: org.jetbrains.kotlin.cli.jvm.K2JVMCompiler @F:\Hook\node_modules\react-native-pager-view\android\build\20230104_8982495829289176854.compiler.options

Host: AMD Ryzen 5 4600H with Radeon Graphics         , 12 cores, 7G,  Windows 10 , 64 bit Build 19041 (10.0.19041.2364)
Time: Wed Jan  4 20:43:30 2023 India Standard Time elapsed time: 1.540151 seconds (0d 0h 0m 1s)

---------------  T H R E A D  ---------------

Current thread (0x00000164ff114000):  JavaThread "C2 CompilerThread0" daemon [_thread_in_native, id=4968, stack(0x0000001ff2000000,0x0000001ff2100000)]


Current CompileTask:
C2:   1540 1749   !   4       java.util.zip.InflaterInputStream::read (138 bytes)

Stack: [0x0000001ff2000000,0x0000001ff2100000]
Native frames: (J=compiled Java code, j=interpreted, Vv=VM code, C=native code)
V  [jvm.dll+0x62a3ea]
V  [jvm.dll+0x76418f]
V  [jvm.dll+0x765839]
V  [jvm.dll+0x765ec3]
V  [jvm.dll+0x23da98]
V  [jvm.dll+0xb2a1c]
V  [jvm.dll+0xb2fdc]
V  [jvm.dll+0x341487]
V  [jvm.dll+0x30ec83]
V  [jvm.dll+0x30dfca]
V  [jvm.dll+0x1f84a5]
V  [jvm.dll+0x1f768d]
V  [jvm.dll+0x177c81]
V  [jvm.dll+0x207006]
V  [jvm.dll+0x20519b]
V  [jvm.dll+0x729fa0]
V  [jvm.dll+0x722b74]
V  [jvm.dll+0x629286]
C  [ucrtbase.dll+0x21bb2]
C  [KERNEL32.DLL+0x17614]
C  [ntdll.dll+0x526a1]


---------------  P R O C E S S  ---------------

Threads class SMR info:
_java_thread_list=0x00000164ffbf0f90, length=10, elements={
0x00000164f5d7b000, 0x00000164ff0c4800, 0x00000164ff0ee000, 0x00000164ff105000,
0x00000164ff107000, 0x00000164ff107800, 0x00000164ff114000, 0x00000164ff11b000,
0x00000164ff122800, 0x00000164ffbf3800
}

Java Threads: ( => current thread )
  0x00000164f5d7b000 JavaThread "main" [_thread_in_vm, id=8912, stack(0x0000001ff1400000,0x0000001ff1500000)]
  0x00000164ff0c4800 JavaThread "Reference Handler" daemon [_thread_blocked, id=18176, stack(0x0000001ff1b00000,0x0000001ff1c00000)]
  0x00000164ff0ee000 JavaThread "Finalizer" daemon [_thread_blocked, id=23828, stack(0x0000001ff1c00000,0x0000001ff1d00000)]
  0x00000164ff105000 JavaThread "Signal Dispatcher" daemon [_thread_blocked, id=14628, stack(0x0000001ff1d00000,0x0000001ff1e00000)]
  0x00000164ff107000 JavaThread "Attach Listener" daemon [_thread_blocked, id=27100, stack(0x0000001ff1e00000,0x0000001ff1f00000)]
  0x00000164ff107800 JavaThread "Service Thread" daemon [_thread_blocked, id=23296, stack(0x0000001ff1f00000,0x0000001ff2000000)]
=>0x00000164ff114000 JavaThread "C2 CompilerThread0" daemon [_thread_in_native, id=4968, stack(0x0000001ff2000000,0x0000001ff2100000)]
  0x00000164ff11b000 JavaThread "C1 CompilerThread0" daemon [_thread_blocked, id=22904, stack(0x0000001ff2100000,0x0000001ff2200000)]
  0x00000164ff122800 JavaThread "Sweeper thread" daemon [_thread_blocked, id=13956, stack(0x0000001ff2200000,0x0000001ff2300000)]
  0x00000164ffbf3800 JavaThread "Common-Cleaner" daemon [_thread_blocked, id=11320, stack(0x0000001ff2400000,0x0000001ff2500000)]

Other Threads:
  0x00000164ff0c2800 VMThread "VM Thread" [stack: 0x0000001ff1a00000,0x0000001ff1b00000] [id=12044]
  0x00000164ffbee800 WatcherThread [stack: 0x0000001ff2300000,0x0000001ff2400000] [id=21156]
  0x00000164f5d90000 GCTaskThread "GC Thread#0" [stack: 0x0000001ff1500000,0x0000001ff1600000] [id=23248]
  0x000001649509a000 GCTaskThread "GC Thread#1" [stack: 0x0000001ff2500000,0x0000001ff2600000] [id=9472]
  0x00000164f5dbd800 ConcurrentGCThread "G1 Main Marker" [stack: 0x0000001ff1600000,0x0000001ff1700000] [id=28096]
  0x00000164f5dbf000 ConcurrentGCThread "G1 Conc#0" [stack: 0x0000001ff1700000,0x0000001ff1800000] [id=5988]
  0x000001649523f000 ConcurrentGCThread "G1 Conc#1" [stack: 0x0000001ff2600000,0x0000001ff2700000] [id=28424]
  0x0000016494e8e000 ConcurrentGCThread "G1 Conc#2" [stack: 0x0000001ff2700000,0x0000001ff2800000] [id=7476]
  0x00000164f5e59000 ConcurrentGCThread "G1 Refine#0" [stack: 0x0000001ff1800000,0x0000001ff1900000] [id=28416]
  0x00000164f5e5c000 ConcurrentGCThread "G1 Young RemSet Sampling" [stack: 0x0000001ff1900000,0x0000001ff1a00000] [id=20500]

Threads with active compile tasks:
C2 CompilerThread0     1563 1749   !   4       java.util.zip.InflaterInputStream::read (138 bytes)

VM state:not at safepoint (normal execution)

VM Mutex/Monitor currently owned by a thread: None

Heap address: 0x000000008a000000, size: 1888 MB, Compressed Oops mode: 32-bit
Narrow klass base: 0x0000000000000000, Narrow klass shift: 3
Compressed class space size: 1073741824 Address: 0x0000000100000000

Heap:
 garbage-first heap   total 120832K, used 14264K [0x000000008a000000, 0x0000000100000000)
  region size 1024K, 12 young (12288K), 7 survivors (7168K)
 Metaspace       used 21682K, capacity 21863K, committed 22192K, reserved 1069056K
  class space    used 2344K, capacity 2445K, committed 2560K, reserved 1048576K
Heap Regions: E=young(eden), S=young(survivor), O=old, HS=humongous(starts), HC=humongous(continues), CS=collection set, F=free, A=archive, TAMS=top-at-mark-start (previous, next)
|   0|0x000000008a000000, 0x000000008a100000, 0x000000008a100000|100%|HS|  |TAMS 0x000000008a100000, 0x000000008a000000| Complete 
|   1|0x000000008a100000, 0x000000008a200000, 0x000000008a200000|100%|HC|  |TAMS 0x000000008a200000, 0x000000008a100000| Complete 
|   2|0x000000008a200000, 0x000000008a300000, 0x000000008a300000|100%|HC|  |TAMS 0x000000008a300000, 0x000000008a200000| Complete 
|   3|0x000000008a300000, 0x000000008a300000, 0x000000008a400000|  0%| F|  |TAMS 0x000000008a300000, 0x000000008a300000| Untracked 
|   4|0x000000008a400000, 0x000000008a474600, 0x000000008a500000| 45%| O|  |TAMS 0x000000008a474600, 0x000000008a400000| Untracked 
|   5|0x000000008a500000, 0x000000008a500000, 0x000000008a600000|  0%| F|  |TAMS 0x000000008a500000, 0x000000008a500000| Untracked 
|   6|0x000000008a600000, 0x000000008a600000, 0x000000008a700000|  0%| F|  |TAMS 0x000000008a600000, 0x000000008a600000| Untracked 
|   7|0x000000008a700000, 0x000000008a700000, 0x000000008a800000|  0%| F|  |TAMS 0x000000008a700000, 0x000000008a700000| Untracked 
|   8|0x000000008a800000, 0x000000008a800000, 0x000000008a900000|  0%| F|  |TAMS 0x000000008a800000, 0x000000008a800000| Untracked 
|   9|0x000000008a900000, 0x000000008a900000, 0x000000008aa00000|  0%| F|  |TAMS 0x000000008a900000, 0x000000008a900000| Untracked 
|  10|0x000000008aa00000, 0x000000008aa00000, 0x000000008ab00000|  0%| F|  |TAMS 0x000000008aa00000, 0x000000008aa00000| Untracked 
|  11|0x000000008ab00000, 0x000000008ab00000, 0x000000008ac00000|  0%| F|  |TAMS 0x000000008ab00000, 0x000000008ab00000| Untracked 
|  12|0x000000008ac00000, 0x000000008ac00000, 0x000000008ad00000|  0%| F|  |TAMS 0x000000008ac00000, 0x000000008ac00000| Untracked 
|  13|0x000000008ad00000, 0x000000008ad00000, 0x000000008ae00000|  0%| F|  |TAMS 0x000000008ad00000, 0x000000008ad00000| Untracked 
|  14|0x000000008ae00000, 0x000000008ae00000, 0x000000008af00000|  0%| F|  |TAMS 0x000000008ae00000, 0x000000008ae00000| Untracked 
|  15|0x000000008af00000, 0x000000008af00000, 0x000000008b000000|  0%| F|  |TAMS 0x000000008af00000, 0x000000008af00000| Untracked 
|  16|0x000000008b000000, 0x000000008b000000, 0x000000008b100000|  0%| F|  |TAMS 0x000000008b000000, 0x000000008b000000| Untracked 
|  17|0x000000008b100000, 0x000000008b100000, 0x000000008b200000|  0%| F|  |TAMS 0x000000008b100000, 0x000000008b100000| Untracked 
|  18|0x000000008b200000, 0x000000008b200000, 0x000000008b300000|  0%| F|  |TAMS 0x000000008b200000, 0x000000008b200000| Untracked 
|  19|0x000000008b300000, 0x000000008b300000, 0x000000008b400000|  0%| F|  |TAMS 0x000000008b300000, 0x000000008b300000| Untracked 
|  20|0x000000008b400000, 0x000000008b400000, 0x000000008b500000|  0%| F|  |TAMS 0x000000008b400000, 0x000000008b400000| Untracked 
|  21|0x000000008b500000, 0x000000008b500000, 0x000000008b600000|  0%| F|  |TAMS 0x000000008b500000, 0x000000008b500000| Untracked 
|  22|0x000000008b600000, 0x000000008b600000, 0x000000008b700000|  0%| F|  |TAMS 0x000000008b600000, 0x000000008b600000| Untracked 
|  23|0x000000008b700000, 0x000000008b700000, 0x000000008b800000|  0%| F|  |TAMS 0x000000008b700000, 0x000000008b700000| Untracked 
|  24|0x000000008b800000, 0x000000008b800000, 0x000000008b900000|  0%| F|  |TAMS 0x000000008b800000, 0x000000008b800000| Untracked 
|  25|0x000000008b900000, 0x000000008b900000, 0x000000008ba00000|  0%| F|  |TAMS 0x000000008b900000, 0x000000008b900000| Untracked 
|  26|0x000000008ba00000, 0x000000008ba00000, 0x000000008bb00000|  0%| F|  |TAMS 0x000000008ba00000, 0x000000008ba00000| Untracked 
|  27|0x000000008bb00000, 0x000000008bb00000, 0x000000008bc00000|  0%| F|  |TAMS 0x000000008bb00000, 0x000000008bb00000| Untracked 
|  28|0x000000008bc00000, 0x000000008bc00000, 0x000000008bd00000|  0%| F|  |TAMS 0x000000008bc00000, 0x000000008bc00000| Untracked 
|  29|0x000000008bd00000, 0x000000008bd00000, 0x000000008be00000|  0%| F|  |TAMS 0x000000008bd00000, 0x000000008bd00000| Untracked 
|  30|0x000000008be00000, 0x000000008be00000, 0x000000008bf00000|  0%| F|  |TAMS 0x000000008be00000, 0x000000008be00000| Untracked 
|  31|0x000000008bf00000, 0x000000008bf00000, 0x000000008c000000|  0%| F|  |TAMS 0x000000008bf00000, 0x000000008bf00000| Untracked 
|  32|0x000000008c000000, 0x000000008c000000, 0x000000008c100000|  0%| F|  |TAMS 0x000000008c000000, 0x000000008c000000| Untracked 
|  33|0x000000008c100000, 0x000000008c100000, 0x000000008c200000|  0%| F|  |TAMS 0x000000008c100000, 0x000000008c100000| Untracked 
|  34|0x000000008c200000, 0x000000008c200000, 0x000000008c300000|  0%| F|  |TAMS 0x000000008c200000, 0x000000008c200000| Untracked 
|  35|0x000000008c300000, 0x000000008c300000, 0x000000008c400000|  0%| F|  |TAMS 0x000000008c300000, 0x000000008c300000| Untracked 
|  36|0x000000008c400000, 0x000000008c400000, 0x000000008c500000|  0%| F|  |TAMS 0x000000008c400000, 0x000000008c400000| Untracked 
|  37|0x000000008c500000, 0x000000008c500000, 0x000000008c600000|  0%| F|  |TAMS 0x000000008c500000, 0x000000008c500000| Untracked 
|  38|0x000000008c600000, 0x000000008c600000, 0x000000008c700000|  0%| F|  |TAMS 0x000000008c600000, 0x000000008c600000| Untracked 
|  39|0x000000008c700000, 0x000000008c700000, 0x000000008c800000|  0%| F|  |TAMS 0x000000008c700000, 0x000000008c700000| Untracked 
|  40|0x000000008c800000, 0x000000008c800000, 0x000000008c900000|  0%| F|  |TAMS 0x000000008c800000, 0x000000008c800000| Untracked 
|  41|0x000000008c900000, 0x000000008c900000, 0x000000008ca00000|  0%| F|  |TAMS 0x000000008c900000, 0x000000008c900000| Untracked 
|  42|0x000000008ca00000, 0x000000008ca00000, 0x000000008cb00000|  0%| F|  |TAMS 0x000000008ca00000, 0x000000008ca00000| Untracked 
|  43|0x000000008cb00000, 0x000000008cb00000, 0x000000008cc00000|  0%| F|  |TAMS 0x000000008cb00000, 0x000000008cb00000| Untracked 
|  44|0x000000008cc00000, 0x000000008cc00000, 0x000000008cd00000|  0%| F|  |TAMS 0x000000008cc00000, 0x000000008cc00000| Untracked 
|  45|0x000000008cd00000, 0x000000008cd00000, 0x000000008ce00000|  0%| F|  |TAMS 0x000000008cd00000, 0x000000008cd00000| Untracked 
|  46|0x000000008ce00000, 0x000000008ce00000, 0x000000008cf00000|  0%| F|  |TAMS 0x000000008ce00000, 0x000000008ce00000| Untracked 
|  47|0x000000008cf00000, 0x000000008cf00000, 0x000000008d000000|  0%| F|  |TAMS 0x000000008cf00000, 0x000000008cf00000| Untracked 
|  48|0x000000008d000000, 0x000000008d000000, 0x000000008d100000|  0%| F|  |TAMS 0x000000008d000000, 0x000000008d000000| Untracked 
|  49|0x000000008d100000, 0x000000008d100000, 0x000000008d200000|  0%| F|  |TAMS 0x000000008d100000, 0x000000008d100000| Untracked 
|  50|0x000000008d200000, 0x000000008d200000, 0x000000008d300000|  0%| F|  |TAMS 0x000000008d200000, 0x000000008d200000| Untracked 
|  51|0x000000008d300000, 0x000000008d300000, 0x000000008d400000|  0%| F|  |TAMS 0x000000008d300000, 0x000000008d300000| Untracked 
|  52|0x000000008d400000, 0x000000008d400000, 0x000000008d500000|  0%| F|  |TAMS 0x000000008d400000, 0x000000008d400000| Untracked 
|  53|0x000000008d500000, 0x000000008d500000, 0x000000008d600000|  0%| F|  |TAMS 0x000000008d500000, 0x000000008d500000| Untracked 
|  54|0x000000008d600000, 0x000000008d600000, 0x000000008d700000|  0%| F|  |TAMS 0x000000008d600000, 0x000000008d600000| Untracked 
|  55|0x000000008d700000, 0x000000008d700000, 0x000000008d800000|  0%| F|  |TAMS 0x000000008d700000, 0x000000008d700000| Untracked 
|  56|0x000000008d800000, 0x000000008d800000, 0x000000008d900000|  0%| F|  |TAMS 0x000000008d800000, 0x000000008d800000| Untracked 
|  57|0x000000008d900000, 0x000000008d900000, 0x000000008da00000|  0%| F|  |TAMS 0x000000008d900000, 0x000000008d900000| Untracked 
|  58|0x000000008da00000, 0x000000008da00000, 0x000000008db00000|  0%| F|  |TAMS 0x000000008da00000, 0x000000008da00000| Untracked 
|  59|0x000000008db00000, 0x000000008db00000, 0x000000008dc00000|  0%| F|  |TAMS 0x000000008db00000, 0x000000008db00000| Untracked 
|  60|0x000000008dc00000, 0x000000008dc00000, 0x000000008dd00000|  0%| F|  |TAMS 0x000000008dc00000, 0x000000008dc00000| Untracked 
|  61|0x000000008dd00000, 0x000000008dd00000, 0x000000008de00000|  0%| F|  |TAMS 0x000000008dd00000, 0x000000008dd00000| Untracked 
|  62|0x000000008de00000, 0x000000008de00000, 0x000000008df00000|  0%| F|  |TAMS 0x000000008de00000, 0x000000008de00000| Untracked 
|  63|0x000000008df00000, 0x000000008df00000, 0x000000008e000000|  0%| F|  |TAMS 0x000000008df00000, 0x000000008df00000| Untracked 
|  64|0x000000008e000000, 0x000000008e000000, 0x000000008e100000|  0%| F|  |TAMS 0x000000008e000000, 0x000000008e000000| Untracked 
|  65|0x000000008e100000, 0x000000008e100000, 0x000000008e200000|  0%| F|  |TAMS 0x000000008e100000, 0x000000008e100000| Untracked 
|  66|0x000000008e200000, 0x000000008e200000, 0x000000008e300000|  0%| F|  |TAMS 0x000000008e200000, 0x000000008e200000| Untracked 
|  67|0x000000008e300000, 0x000000008e300000, 0x000000008e400000|  0%| F|  |TAMS 0x000000008e300000, 0x000000008e300000| Untracked 
|  68|0x000000008e400000, 0x000000008e400000, 0x000000008e500000|  0%| F|  |TAMS 0x000000008e400000, 0x000000008e400000| Untracked 
|  69|0x000000008e500000, 0x000000008e500000, 0x000000008e600000|  0%| F|  |TAMS 0x000000008e500000, 0x000000008e500000| Untracked 
|  70|0x000000008e600000, 0x000000008e679cb0, 0x000000008e700000| 47%| S|CS|TAMS 0x000000008e600000, 0x000000008e600000| Complete 
|  71|0x000000008e700000, 0x000000008e800000, 0x000000008e800000|100%| S|CS|TAMS 0x000000008e700000, 0x000000008e700000| Complete 
|  72|0x000000008e800000, 0x000000008e900000, 0x000000008e900000|100%| S|CS|TAMS 0x000000008e800000, 0x000000008e800000| Complete 
|  73|0x000000008e900000, 0x000000008ea00000, 0x000000008ea00000|100%| S|CS|TAMS 0x000000008e900000, 0x000000008e900000| Complete 
|  74|0x000000008ea00000, 0x000000008eb00000, 0x000000008eb00000|100%| S|CS|TAMS 0x000000008ea00000, 0x000000008ea00000| Complete 
|  75|0x000000008eb00000, 0x000000008ec00000, 0x000000008ec00000|100%| S|CS|TAMS 0x000000008eb00000, 0x000000008eb00000| Complete 
|  76|0x000000008ec00000, 0x000000008ed00000, 0x000000008ed00000|100%| S|CS|TAMS 0x000000008ec00000, 0x000000008ec00000| Complete 
|  77|0x000000008ed00000, 0x000000008ed00000, 0x000000008ee00000|  0%| F|  |TAMS 0x000000008ed00000, 0x000000008ed00000| Untracked 
|  78|0x000000008ee00000, 0x000000008ee00000, 0x000000008ef00000|  0%| F|  |TAMS 0x000000008ee00000, 0x000000008ee00000| Untracked 
|  79|0x000000008ef00000, 0x000000008ef00000, 0x000000008f000000|  0%| F|  |TAMS 0x000000008ef00000, 0x000000008ef00000| Untracked 
|  80|0x000000008f000000, 0x000000008f000000, 0x000000008f100000|  0%| F|  |TAMS 0x000000008f000000, 0x000000008f000000| Untracked 
|  81|0x000000008f100000, 0x000000008f100000, 0x000000008f200000|  0%| F|  |TAMS 0x000000008f100000, 0x000000008f100000| Untracked 
|  82|0x000000008f200000, 0x000000008f200000, 0x000000008f300000|  0%| F|  |TAMS 0x000000008f200000, 0x000000008f200000| Untracked 
|  83|0x000000008f300000, 0x000000008f300000, 0x000000008f400000|  0%| F|  |TAMS 0x000000008f300000, 0x000000008f300000| Untracked 
|  84|0x000000008f400000, 0x000000008f400000, 0x000000008f500000|  0%| F|  |TAMS 0x000000008f400000, 0x000000008f400000| Untracked 
|  85|0x000000008f500000, 0x000000008f500000, 0x000000008f600000|  0%| F|  |TAMS 0x000000008f500000, 0x000000008f500000| Untracked 
|  86|0x000000008f600000, 0x000000008f600000, 0x000000008f700000|  0%| F|  |TAMS 0x000000008f600000, 0x000000008f600000| Untracked 
|  87|0x000000008f700000, 0x000000008f700000, 0x000000008f800000|  0%| F|  |TAMS 0x000000008f700000, 0x000000008f700000| Untracked 
|  88|0x000000008f800000, 0x000000008f800000, 0x000000008f900000|  0%| F|  |TAMS 0x000000008f800000, 0x000000008f800000| Untracked 
|  89|0x000000008f900000, 0x000000008f900000, 0x000000008fa00000|  0%| F|  |TAMS 0x000000008f900000, 0x000000008f900000| Untracked 
|  90|0x000000008fa00000, 0x000000008fa00000, 0x000000008fb00000|  0%| F|  |TAMS 0x000000008fa00000, 0x000000008fa00000| Untracked 
|  91|0x000000008fb00000, 0x000000008fb00000, 0x000000008fc00000|  0%| F|  |TAMS 0x000000008fb00000, 0x000000008fb00000| Untracked 
|  92|0x000000008fc00000, 0x000000008fc00000, 0x000000008fd00000|  0%| F|  |TAMS 0x000000008fc00000, 0x000000008fc00000| Untracked 
|  93|0x000000008fd00000, 0x000000008fd00000, 0x000000008fe00000|  0%| F|  |TAMS 0x000000008fd00000, 0x000000008fd00000| Untracked 
|  94|0x000000008fe00000, 0x000000008fe00000, 0x000000008ff00000|  0%| F|  |TAMS 0x000000008fe00000, 0x000000008fe00000| Untracked 
|  95|0x000000008ff00000, 0x000000008ff00000, 0x0000000090000000|  0%| F|  |TAMS 0x000000008ff00000, 0x000000008ff00000| Untracked 
|  96|0x0000000090000000, 0x0000000090000000, 0x0000000090100000|  0%| F|  |TAMS 0x0000000090000000, 0x0000000090000000| Untracked 
|  97|0x0000000090100000, 0x0000000090100000, 0x0000000090200000|  0%| F|  |TAMS 0x0000000090100000, 0x0000000090100000| Untracked 
|  98|0x0000000090200000, 0x0000000090200000, 0x0000000090300000|  0%| F|  |TAMS 0x0000000090200000, 0x0000000090200000| Untracked 
|  99|0x0000000090300000, 0x0000000090300000, 0x0000000090400000|  0%| F|  |TAMS 0x0000000090300000, 0x0000000090300000| Untracked 
| 100|0x0000000090400000, 0x0000000090400000, 0x0000000090500000|  0%| F|  |TAMS 0x0000000090400000, 0x0000000090400000| Untracked 
| 101|0x0000000090500000, 0x0000000090500000, 0x0000000090600000|  0%| F|  |TAMS 0x0000000090500000, 0x0000000090500000| Untracked 
| 102|0x0000000090600000, 0x0000000090600000, 0x0000000090700000|  0%| F|  |TAMS 0x0000000090600000, 0x0000000090600000| Untracked 
| 103|0x0000000090700000, 0x0000000090700000, 0x0000000090800000|  0%| F|  |TAMS 0x0000000090700000, 0x0000000090700000| Untracked 
| 104|0x0000000090800000, 0x0000000090800000, 0x0000000090900000|  0%| F|  |TAMS 0x0000000090800000, 0x0000000090800000| Untracked 
| 105|0x0000000090900000, 0x0000000090900000, 0x0000000090a00000|  0%| F|  |TAMS 0x0000000090900000, 0x0000000090900000| Untracked 
| 106|0x0000000090a00000, 0x0000000090a00000, 0x0000000090b00000|  0%| F|  |TAMS 0x0000000090a00000, 0x0000000090a00000| Untracked 
| 107|0x0000000090b00000, 0x0000000090b00000, 0x0000000090c00000|  0%| F|  |TAMS 0x0000000090b00000, 0x0000000090b00000| Untracked 
| 108|0x0000000090c00000, 0x0000000090c00000, 0x0000000090d00000|  0%| F|  |TAMS 0x0000000090c00000, 0x0000000090c00000| Untracked 
| 109|0x0000000090d00000, 0x0000000090d00000, 0x0000000090e00000|  0%| F|  |TAMS 0x0000000090d00000, 0x0000000090d00000| Untracked 
| 110|0x0000000090e00000, 0x0000000090e00000, 0x0000000090f00000|  0%| F|  |TAMS 0x0000000090e00000, 0x0000000090e00000| Untracked 
| 111|0x0000000090f00000, 0x0000000090f00000, 0x0000000091000000|  0%| F|  |TAMS 0x0000000090f00000, 0x0000000090f00000| Untracked 
| 112|0x0000000091000000, 0x0000000091000000, 0x0000000091100000|  0%| F|  |TAMS 0x0000000091000000, 0x0000000091000000| Untracked 
| 113|0x0000000091100000, 0x0000000091180800, 0x0000000091200000| 50%| E|  |TAMS 0x0000000091100000, 0x0000000091100000| Complete 
| 114|0x0000000091200000, 0x0000000091300000, 0x0000000091300000|100%| E|CS|TAMS 0x0000000091200000, 0x0000000091200000| Complete 
| 115|0x0000000091300000, 0x0000000091400000, 0x0000000091400000|100%| E|CS|TAMS 0x0000000091300000, 0x0000000091300000| Complete 
| 116|0x0000000091400000, 0x0000000091500000, 0x0000000091500000|100%| E|CS|TAMS 0x0000000091400000, 0x0000000091400000| Complete 
| 117|0x0000000091500000, 0x0000000091600000, 0x0000000091600000|100%| E|CS|TAMS 0x0000000091500000, 0x0000000091500000| Complete 

Card table byte_map: [0x00000164fdd30000,0x00000164fe0e0000] _byte_map_base: 0x00000164fd8e0000

Marking Bits (Prev, Next): (CMBitMap*) 0x00000164f5db5770, (CMBitMap*) 0x00000164f5db5738
 Prev Bits: [0x0000016490d80000, 0x0000016492b00000)
 Next Bits: [0x000001648f000000, 0x0000016490d80000)

Polling page: 0x00000164f3b40000

Metaspace:

Usage:
  Non-class:     19.03 MB capacity,    18.90 MB (>99%) used,   105.63 KB ( <1%) free+waste,    26.44 KB ( <1%) overhead. 
      Class:      2.39 MB capacity,     2.29 MB ( 96%) used,    86.76 KB (  4%) free+waste,    12.00 KB ( <1%) overhead. 
       Both:     21.41 MB capacity,    21.19 MB ( 99%) used,   192.38 KB ( <1%) free+waste,    38.44 KB ( <1%) overhead. 

Virtual space:
  Non-class space:       20.00 MB reserved,      19.17 MB ( 96%) committed 
      Class space:        1.00 GB reserved,       2.50 MB ( <1%) committed 
             Both:        1.02 GB reserved,      21.67 MB (  2%) committed 

Chunk freelists:
   Non-Class:  4.75 KB
       Class:  2.38 KB
        Both:  7.13 KB

CodeHeap 'non-profiled nmethods': size=120000Kb used=527Kb max_used=527Kb free=119472Kb
 bounds [0x0000016487ad0000, 0x0000016487d40000, 0x000001648f000000]
CodeHeap 'profiled nmethods': size=120000Kb used=3566Kb max_used=3566Kb free=116433Kb
 bounds [0x00000164805a0000, 0x0000016480920000, 0x0000016487ad0000]
CodeHeap 'non-nmethods': size=5760Kb used=1139Kb max_used=1148Kb free=4620Kb
 bounds [0x0000016480000000, 0x0000016480270000, 0x00000164805a0000]
 total_blobs=2238 nmethods=1768 adapters=381
 compilation: enabled
              stopped_count=0, restarted_count=0
 full_count=0

Compilation events (10 events):
Event: 1.502 Thread 0x00000164ff11b000 nmethod 1744 0x000001648090ed90 code [0x000001648090ef40, 0x000001648090f108]
Event: 1.503 Thread 0x00000164ff11b000 1745       3       java.lang.Class::forName (47 bytes)
Event: 1.504 Thread 0x00000164ff11b000 nmethod 1745 0x000001648090f210 code [0x000001648090f400, 0x000001648090f848]
Event: 1.504 Thread 0x00000164ff11b000 1747       3       java.lang.reflect.ProxyGenerator::codeLocalLoadStore (90 bytes)
Event: 1.504 Thread 0x00000164ff11b000 nmethod 1747 0x000001648090fa10 code [0x000001648090fca0, 0x0000016480910a88]
Event: 1.504 Thread 0x00000164ff11b000 1746       3       java.lang.reflect.ProxyGenerator::code_aload (11 bytes)
Event: 1.504 Thread 0x00000164ff11b000 nmethod 1746 0x0000016480910f10 code [0x00000164809110c0, 0x0000016480911208]
Event: 1.505 Thread 0x00000164ff11b000 1748       3       java.util.Arrays$ArrayItr::hasNext (18 bytes)
Event: 1.505 Thread 0x00000164ff11b000 nmethod 1748 0x0000016480911290 code [0x0000016480911420, 0x0000016480911598]
Event: 1.505 Thread 0x00000164ff114000 1749   !   4       java.util.zip.InflaterInputStream::read (138 bytes)

GC Heap History (4 events):
Event: 0.601 GC heap before
{Heap before GC invocations=0 (full 0):
 garbage-first heap   total 120832K, used 27648K [0x000000008a000000, 0x0000000100000000)
  region size 1024K, 24 young (24576K), 0 survivors (0K)
 Metaspace       used 12278K, capacity 12399K, committed 12416K, reserved 1060864K
  class space    used 1123K, capacity 1151K, committed 1152K, reserved 1048576K
}
Event: 0.605 GC heap after
{Heap after GC invocations=1 (full 0):
 garbage-first heap   total 120832K, used 6609K [0x000000008a000000, 0x0000000100000000)
  region size 1024K, 3 young (3072K), 3 survivors (3072K)
 Metaspace       used 12278K, capacity 12399K, committed 12416K, reserved 1060864K
  class space    used 1123K, capacity 1151K, committed 1152K, reserved 1048576K
}
Event: 1.476 GC heap before
{Heap before GC invocations=1 (full 0):
 garbage-first heap   total 120832K, used 44497K [0x000000008a000000, 0x0000000100000000)
  region size 1024K, 41 young (41984K), 3 survivors (3072K)
 Metaspace       used 20908K, capacity 21104K, committed 21296K, reserved 1069056K
  class space    used 2232K, capacity 2340K, committed 2432K, reserved 1048576K
}
Event: 1.488 GC heap after
{Heap after GC invocations=2 (full 0):
 garbage-first heap   total 120832K, used 10168K [0x000000008a000000, 0x0000000100000000)
  region size 1024K, 7 young (7168K), 7 survivors (7168K)
 Metaspace       used 20908K, capacity 21104K, committed 21296K, reserved 1069056K
  class space    used 2232K, capacity 2340K, committed 2432K, reserved 1048576K
}

Deoptimization events (10 events):
Event: 0.093 Thread 0x00000164f5d7b000 Uncommon trap: reason=unstable_if action=reinterpret pc=0x0000016487ad481c method=java.lang.String.hashCode()I @ 14 c2
Event: 0.516 Thread 0x00000164f5d7b000 Uncommon trap: reason=unstable_fused_if action=reinterpret pc=0x0000016487af0754 method=java.lang.Integer.valueOf(I)Ljava/lang/Integer; @ 3 c2
Event: 0.539 Thread 0x00000164f5d7b000 Uncommon trap: reason=unstable_if action=reinterpret pc=0x0000016487afa17c method=kotlin.reflect.jvm.internal.impl.protobuf.CodedInputStream.isAtEnd()Z @ 16 c2
Event: 0.548 Thread 0x00000164f5d7b000 Uncommon trap: reason=unstable_if action=reinterpret pc=0x0000016487af7cc0 method=kotlin.reflect.jvm.internal.impl.protobuf.CodedInputStream.readRawVarint32()I @ 69 c2
Event: 0.597 Thread 0x00000164f5d7b000 Uncommon trap: reason=unstable_if action=reinterpret pc=0x0000016487b0012c method=java.lang.StringLatin1.indexOf([BI[BII)I @ 27 c2
Event: 0.869 Thread 0x00000164f5d7b000 Uncommon trap: reason=bimorphic_or_optimized_type_check action=maybe_recompile pc=0x0000016487b12670 method=java.util.HashMap.putVal(ILjava/lang/Object;Ljava/lang/Object;ZZ)Ljava/lang/Object; @ 91 c2
Event: 0.869 Thread 0x00000164f5d7b000 Uncommon trap: reason=bimorphic_or_optimized_type_check action=maybe_recompile pc=0x0000016487b12670 method=java.util.HashMap.putVal(ILjava/lang/Object;Ljava/lang/Object;ZZ)Ljava/lang/Object; @ 91 c2
Event: 0.869 Thread 0x00000164f5d7b000 Uncommon trap: reason=bimorphic_or_optimized_type_check action=maybe_recompile pc=0x0000016487b12670 method=java.util.HashMap.putVal(ILjava/lang/Object;Ljava/lang/Object;ZZ)Ljava/lang/Object; @ 91 c2
Event: 0.870 Thread 0x00000164f5d7b000 Uncommon trap: reason=bimorphic_or_optimized_type_check action=maybe_recompile pc=0x0000016487b12670 method=java.util.HashMap.putVal(ILjava/lang/Object;Ljava/lang/Object;ZZ)Ljava/lang/Object; @ 91 c2
Event: 0.947 Thread 0x00000164f5d7b000 Uncommon trap: reason=unstable_if action=reinterpret pc=0x0000016487af4d4c method=java.lang.String.startsWith(Ljava/lang/String;I)Z @ 14 c2

Classes redefined (0 events):
No events

Internal exceptions (10 events):
Event: 1.128 Thread 0x00000164f5d7b000 Exception <a 'java/lang/NoSuchMethodError'{0x000000008fea4168}: java.lang.invoke.DirectMethodHandle$Holder.invokeSpecial(Ljava/lang/Object;Ljava/lang/Object;Ljava/lang/Object;Ljava/lang/Object;J)Ljava/lang/Object;> (0x000000008fea4168) thrown at [./open/s
Event: 1.128 Thread 0x00000164f5d7b000 Exception <a 'java/lang/NoSuchMethodError'{0x000000008fea76c0}: java.lang.invoke.DelegatingMethodHandle$Holder.reinvoke_L(Ljava/lang/Object;Ljava/lang/Object;Ljava/lang/Object;J)Ljava/lang/Object;> (0x000000008fea76c0) thrown at [./open/src/hotspot/share/
Event: 1.130 Thread 0x00000164f5d7b000 Exception <a 'java/lang/NoSuchMethodError'{0x000000008fec1b50}: java.lang.invoke.Invokers$Holder.invoke_MT(Ljava/lang/Object;Ljava/lang/Object;Ljava/lang/Object;Ljava/lang/Object;)J> (0x000000008fec1b50) thrown at [./open/src/hotspot/share/interpreter/lin
Event: 1.130 Thread 0x00000164f5d7b000 Exception <a 'java/lang/NoSuchMethodError'{0x000000008fec51d0}: java.lang.invoke.DelegatingMethodHandle$Holder.reinvoke_L(Ljava/lang/Object;Ljava/lang/Object;Ljava/lang/Object;)J> (0x000000008fec51d0) thrown at [./open/src/hotspot/share/interpreter/linkRe
Event: 1.131 Thread 0x00000164f5d7b000 Exception <a 'java/lang/NoSuchMethodError'{0x000000008fecee90}: java.lang.invoke.DirectMethodHandle$Holder.invokeSpecial(Ljava/lang/Object;Ljava/lang/Object;Ljava/lang/Object;Ljava/lang/Object;)I> (0x000000008fecee90) thrown at [./open/src/hotspot/share/i
Event: 1.134 Thread 0x00000164f5d7b000 Exception <a 'java/lang/NoSuchMethodError'{0x000000008feddc68}: java.lang.invoke.DelegatingMethodHandle$Holder.reinvoke_L(Ljava/lang/Object;Ljava/lang/Object;Ljava/lang/Object;JI)I> (0x000000008feddc68) thrown at [./open/src/hotspot/share/interpreter/link
Event: 1.254 Thread 0x00000164f5d7b000 Exception <a 'java/lang/NoSuchMethodError'{0x000000008f644dd8}: java.lang.invoke.DirectMethodHandle$Holder.invokeSpecialIFC(Ljava/lang/Object;Ljava/lang/Object;I)I> (0x000000008f644dd8) thrown at [./open/src/hotspot/share/interpreter/linkResolver.cpp, lin
Event: 1.448 Thread 0x00000164f5d7b000 Exception <a 'java/lang/NoSuchMethodError'{0x000000008ef7c458}: java.lang.invoke.DirectMethodHandle$Holder.invokeStaticInit(Ljava/lang/Object;I)Ljava/lang/Object;> (0x000000008ef7c458) thrown at [./open/src/hotspot/share/interpreter/linkResolver.cpp, line
Event: 1.499 Thread 0x00000164f5d7b000 Exception <a 'java/lang/NoSuchMethodError'{0x000000009154b100}: java.lang.invoke.DirectMethodHandle$Holder.invokeStatic(Ljava/lang/Object;)J> (0x000000009154b100) thrown at [./open/src/hotspot/share/interpreter/linkResolver.cpp, line 772]
Event: 1.499 Thread 0x00000164f5d7b000 Exception <a 'java/lang/NoSuchMethodError'{0x000000009154df50}: java.lang.invoke.DirectMethodHandle$Holder.invokeStaticInit(Ljava/lang/Object;)J> (0x000000009154df50) thrown at [./open/src/hotspot/share/interpreter/linkResolver.cpp, line 772]

Events (10 events):
Event: 1.514 loading class org/jetbrains/kotlin/com/intellij/util/CharTable
Event: 1.514 loading class org/jetbrains/kotlin/com/intellij/util/CharTable done
Event: 1.514 loading class org/jetbrains/kotlin/com/intellij/psi/impl/source/tree/LazyParseableElement
Event: 1.514 loading class org/jetbrains/kotlin/com/intellij/psi/impl/source/tree/LazyParseableElement done
Event: 1.515 loading class org/jetbrains/kotlin/com/intellij/psi/impl/source/tree/CompositeElement
Event: 1.515 loading class org/jetbrains/kotlin/com/intellij/psi/impl/source/tree/CompositeElement done
Event: 1.516 loading class org/jetbrains/kotlin/com/intellij/psi/impl/source/CodeFragmentElement
Event: 1.516 loading class org/jetbrains/kotlin/com/intellij/psi/impl/source/CodeFragmentElement done
Event: 1.516 loading class org/jetbrains/kotlin/com/intellij/psi/impl/source/tree/FileElement
Event: 1.516 loading class org/jetbrains/kotlin/com/intellij/psi/impl/source/tree/FileElement done


Dynamic libraries:
0x00007ff68f470000 - 0x00007ff68f47f000 	C:\Program Files\Java\jdk-11.0.16\bin\java.exe
0x00007ff8fb7b0000 - 0x00007ff8fb9a8000 	C:\Windows\SYSTEM32\ntdll.dll
0x00007ff8fa280000 - 0x00007ff8fa33f000 	C:\Windows\System32\KERNEL32.DLL
0x00007ff8f9190000 - 0x00007ff8f9462000 	C:\Windows\System32\KERNELBASE.dll
0x00007ff8f8ea0000 - 0x00007ff8f8fa0000 	C:\Windows\System32\ucrtbase.dll
0x00007ff8eb030000 - 0x00007ff8eb045000 	C:\Program Files\Java\jdk-11.0.16\bin\VCRUNTIME140.dll
0x00007ff8f0990000 - 0x00007ff8f09a8000 	C:\Program Files\Java\jdk-11.0.16\bin\jli.dll
0x00007ff8f97f0000 - 0x00007ff8f989e000 	C:\Windows\System32\ADVAPI32.dll
0x00007ff8fb6d0000 - 0x00007ff8fb76e000 	C:\Windows\System32\msvcrt.dll
0x00007ff8fa8a0000 - 0x00007ff8fa93c000 	C:\Windows\System32\sechost.dll
0x00007ff8fb180000 - 0x00007ff8fb2a5000 	C:\Windows\System32\RPCRT4.dll
0x00007ff8fb2e0000 - 0x00007ff8fb481000 	C:\Windows\System32\USER32.dll
0x00007ff8e00d0000 - 0x00007ff8e036a000 	C:\Windows\WinSxS\amd64_microsoft.windows.common-controls_6595b64144ccf1df_6.0.19041.1110_none_60b5254171f9507e\COMCTL32.dll
0x00007ff8f9010000 - 0x00007ff8f9032000 	C:\Windows\System32\win32u.dll
0x00007ff8fb2b0000 - 0x00007ff8fb2db000 	C:\Windows\System32\GDI32.dll
0x00007ff8f9650000 - 0x00007ff8f975f000 	C:\Windows\System32\gdi32full.dll
0x00007ff8f9040000 - 0x00007ff8f90dd000 	C:\Windows\System32\msvcp_win.dll
0x00007ff8f1e50000 - 0x00007ff8f1e5a000 	C:\Windows\SYSTEM32\VERSION.dll
0x00007ff8fa7a0000 - 0x00007ff8fa7d2000 	C:\Windows\System32\IMM32.DLL
0x00007ff8df510000 - 0x00007ff8df5ab000 	C:\Program Files\Java\jdk-11.0.16\bin\msvcp140.dll
0x00007ff8b6810000 - 0x00007ff8b7328000 	C:\Program Files\Java\jdk-11.0.16\bin\server\jvm.dll
0x00007ff8fa0e0000 - 0x00007ff8fa0e8000 	C:\Windows\System32\PSAPI.DLL
0x00007ff8e7850000 - 0x00007ff8e7877000 	C:\Windows\SYSTEM32\WINMM.dll
0x00007ff8e38e0000 - 0x00007ff8e38e9000 	C:\Windows\SYSTEM32\WSOCK32.dll
0x00007ff8fa070000 - 0x00007ff8fa0db000 	C:\Windows\System32\WS2_32.dll
0x00007ff8f76f0000 - 0x00007ff8f7702000 	C:\Windows\SYSTEM32\kernel.appcore.dll
0x00007ff8f2990000 - 0x00007ff8f29a0000 	C:\Program Files\Java\jdk-11.0.16\bin\verify.dll
0x00007ff8f6d30000 - 0x00007ff8f6f14000 	C:\Windows\SYSTEM32\DBGHELP.DLL
0x00007ff8f1a40000 - 0x00007ff8f1a75000 	C:\Windows\SYSTEM32\dbgcore.DLL
0x00007ff8f9760000 - 0x00007ff8f97e2000 	C:\Windows\System32\bcryptPrimitives.dll
0x00007ff8eab70000 - 0x00007ff8eab98000 	C:\Program Files\Java\jdk-11.0.16\bin\java.dll
0x00007ff8f04f0000 - 0x00007ff8f04fa000 	C:\Program Files\Java\jdk-11.0.16\bin\jimage.dll
0x00007ff8eacd0000 - 0x00007ff8eace6000 	C:\Program Files\Java\jdk-11.0.16\bin\zip.dll
0x00007ff8f98a0000 - 0x00007ff8f9fe4000 	C:\Windows\System32\SHELL32.dll
0x00007ff8f6f40000 - 0x00007ff8f76d2000 	C:\Windows\SYSTEM32\windows.storage.dll
0x00007ff8fa940000 - 0x00007ff8fac95000 	C:\Windows\System32\combase.dll
0x00007ff8f8900000 - 0x00007ff8f8930000 	C:\Windows\SYSTEM32\Wldp.dll
0x00007ff8fb490000 - 0x00007ff8fb53d000 	C:\Windows\System32\SHCORE.dll
0x00007ff8faca0000 - 0x00007ff8facf5000 	C:\Windows\System32\shlwapi.dll
0x00007ff8f8de0000 - 0x00007ff8f8dff000 	C:\Windows\SYSTEM32\profapi.dll
0x00007ff8e8890000 - 0x00007ff8e88a9000 	C:\Program Files\Java\jdk-11.0.16\bin\net.dll
0x00007ff8f10c0000 - 0x00007ff8f11cc000 	C:\Windows\SYSTEM32\WINHTTP.dll
0x00007ff8f8660000 - 0x00007ff8f86ca000 	C:\Windows\system32\mswsock.dll
0x00007ff8e8790000 - 0x00007ff8e87a2000 	C:\Program Files\Java\jdk-11.0.16\bin\nio.dll

dbghelp: loaded successfully - version: 4.0.5 - missing functions: none
symbol engine: initialized successfully - sym options: 0x614 - pdb path: .;C:\Program Files\Java\jdk-11.0.16\bin;C:\Windows\SYSTEM32;C:\Windows\WinSxS\amd64_microsoft.windows.common-controls_6595b64144ccf1df_6.0.19041.1110_none_60b5254171f9507e;C:\Program Files\Java\jdk-11.0.16\bin\server

VM Arguments:
java_command: org.jetbrains.kotlin.cli.jvm.K2JVMCompiler @F:\Hook\node_modules\react-native-pager-view\android\build\20230104_8982495829289176854.compiler.options
java_class_path (initial): C:\Users\MIT\.gradle\caches\modules-2\files-2.1\org.jetbrains.kotlin\kotlin-compiler-embeddable\1.7.0\4d09852239f61842072b40b524882fa3caaed371\kotlin-compiler-embeddable-1.7.0.jar;C:\Users\MIT\.gradle\caches\modules-2\files-2.1\org.jetbrains.kotlin\kotlin-reflect\1.7.0\e660b0079fdaf744dc9cc7f6f3aa3c761ec839b0\kotlin-reflect-1.7.0.jar;C:\Users\MIT\.gradle\caches\modules-2\files-2.1\org.jetbrains.kotlin\kotlin-stdlib\1.7.0\a5f42c684ad9003160ef0d0f693ecf0ba7b13549\kotlin-stdlib-1.7.0.jar;C:\Users\MIT\.gradle\caches\modules-2\files-2.1\org.jetbrains.kotlin\kotlin-script-runtime\1.7.0\3acea1d447587e61bc3e1b3ed6227d9e9ed4ddf1\kotlin-script-runtime-1.7.0.jar;C:\Users\MIT\.gradle\caches\modules-2\files-2.1\org.jetbrains.kotlin\kotlin-daemon-embeddable\1.7.0\fd56798de80825c673ac93808284c5198ffa2b50\kotlin-daemon-embeddable-1.7.0.jar;C:\Users\MIT\.gradle\caches\modules-2\files-2.1\org.jetbrains.intellij.deps\trove4j\1.0.20200330\3afb14d5f9ceb459d724e907a21145e8ff394f02\trove4j-1.0.20200330.jar;C:\Users\MIT\.gradle\caches\modules-2\files-2.1\net.java.dev.jna\jna\5.6.0\330f2244e9030119ab3030fc3fededc86713d9cc\jna-5.6.0.jar;C:\Users\MIT\.gradle\caches\modules-2\files-2.1\org.jetbrains.kotlin\kotlin-stdlib-common\1.7.0\51736992f422993a1e741051bdf3c12801bc1ca1\kotlin-stdlib-common-1.7.0.jar;C:\Users\MIT\.gradle\caches\modules-2\files-2.1\org.jetbrains\annotations\13.0\919f0dfe192fb4e063e7dacadee7f8bb9a2672a9\annotations-13.0.jar
Launcher Type: SUN_STANDARD

[Global flags]
     intx CICompilerCount                          = 4                                         {product} {ergonomic}
     uint ConcGCThreads                            = 3                                         {product} {ergonomic}
     uint G1ConcRefinementThreads                  = 10                                        {product} {ergonomic}
   size_t G1HeapRegionSize                         = 1048576                                   {product} {ergonomic}
    uintx GCDrainStackTargetSize                   = 64                                        {product} {ergonomic}
   size_t InitialHeapSize                          = 123731968                                 {product} {ergonomic}
   size_t MarkStackSize                            = 4194304                                   {product} {ergonomic}
   size_t MaxHeapSize                              = 1979711488                                {product} {ergonomic}
   size_t MaxNewSize                               = 1186988032                                {product} {ergonomic}
   size_t MinHeapDeltaBytes                        = 1048576                                   {product} {ergonomic}
    uintx NonNMethodCodeHeapSize                   = 5836300                                {pd product} {ergonomic}
    uintx NonProfiledCodeHeapSize                  = 122910970                              {pd product} {ergonomic}
    uintx ProfiledCodeHeapSize                     = 122910970                              {pd product} {ergonomic}
    uintx ReservedCodeCacheSize                    = 251658240                              {pd product} {ergonomic}
     bool SegmentedCodeCache                       = true                                      {product} {ergonomic}
     bool UseCompressedClassPointers               = true                                 {lp64_product} {ergonomic}
     bool UseCompressedOops                        = true                                 {lp64_product} {ergonomic}
     bool UseG1GC                                  = true                                      {product} {ergonomic}
     bool UseLargePagesIndividualAllocation        = false                                  {pd product} {ergonomic}

Logging:
Log output configuration:
 #0: stdout all=warning uptime,level,tags
 #1: stderr all=off uptime,level,tags

Environment Variables:
JAVA_HOME=C:\Program Files\Java\jdk-11.0.16
CLASSPATH=F:\Hook\android\\gradle\wrapper\gradle-wrapper.jar
PATH=F:\Hook\android\node_modules\.bin;F:\Hook\node_modules\.bin;F:\node_modules\.bin;C:\Program Files\nodejs;F:\Hook\node_modules\.bin;F:\node_modules\.bin;C:\Program Files\nodejs\node_modules\npm\node_modules\@npmcli\run-script\lib\node-gyp-bin;C:\Program Files\Common Files\Oracle\Java\javapath;C:\Program Files (x86)\Common Files\Intel\Shared Libraries\redist\intel64\compiler;C:\Windows\system32;C:\Windows;C:\Windows\System32\Wbem;C:\Windows\System32\WindowsPowerShell\v1.0\;C:\Windows\System32\OpenSSH\;C:\Program Files (x86)\NVIDIA Corporation\PhysX\Common;C:\Program Files\NVIDIA Corporation\NVIDIA NvDLISR;C:\Program Files\Git\cmd;C:\xampp\php;C:\ProgramData\ComposerSetup\bin;C:\Program Files\nodejs\;C:\Users\MIT\AppData\Local\Microsoft\WindowsApps;D:\Microsoft VS Code\bin;C:\Users\MIT\AppData\Roaming\Composer\vendor\bin;C:\Users\MIT\AppData\Roaming\npm;C:\Users\MIT\AppData\Local\Android\Sdk\platform-tools;C:\Users\MIT\AppData\Local\GitHubDesktop\bin;;F:\Hook\node_modules\.bin
USERNAME=MIT
OS=Windows_NT
PROCESSOR_IDENTIFIER=AMD64 Family 23 Model 96 Stepping 1, AuthenticAMD



---------------  S Y S T E M  ---------------

OS: Windows 10 , 64 bit Build 19041 (10.0.19041.2364)

CPU:total 12 (initial active 12) (12 cores per cpu, 2 threads per core) family 23 model 96 stepping 1 microcode 0x0, cmov, cx8, fxsr, mmx, sse, sse2, sse3, ssse3, sse4.1, sse4.2, popcnt, avx, avx2, aes, clmul, mmxext, 3dnowpref, lzcnt, sse4a, ht, tsc, tscinvbit, tscinv, bmi1, bmi2, adx, 

Memory: 4k page, system-wide physical 7549M (153M free)
TotalPageFile size 31101M (AvailPageFile size 2M)
current process WorkingSet (physical memory assigned to process): 122M, peak: 122M
current process commit charge ("private bytes"): 236M, peak: 236M

vm_info: Java HotSpot(TM) 64-Bit Server VM (11.0.16+11-LTS-199) for windows-amd64 JRE (11.0.16+11-LTS-199), built on Jun 28 2022 08:23:17 by "mach5one" with MS VC++ 15.9 (VS2017)

END.
